[2021-10-25 18:56:47.968] [exthost] [info] extension host started
[2021-10-25 18:56:47.969] [exthost] [info] Skipping acquiring lock for /home/wyli/.config/Code/User/workspaceStorage/859b3ccaa7d8195c304edb6640ea2d85.
[2021-10-25 18:56:48.080] [exthost] [info] ExtensionService#_doActivateExtension vscode.microsoft-authentication, startup: false, activationEvent: 'onAuthenticationRequest:microsoft'
[2021-10-25 18:56:48.080] [exthost] [info] ExtensionService#loadCommonJSModule file:///usr/share/code/resources/app/extensions/microsoft-authentication/dist/extension.js
[2021-10-25 18:56:48.105] [exthost] [info] ExtensionService#_doActivateExtension vscode.debug-auto-launch, startup: true, activationEvent: '*'
[2021-10-25 18:56:48.105] [exthost] [info] ExtensionService#loadCommonJSModule file:///usr/share/code/resources/app/extensions/debug-auto-launch/dist/extension
[2021-10-25 18:56:48.111] [exthost] [info] ExtensionService#_doActivateExtension vscode.git, startup: true, activationEvent: '*', root cause: vscode.github
[2021-10-25 18:56:48.112] [exthost] [info] ExtensionService#loadCommonJSModule file:///usr/share/code/resources/app/extensions/git/dist/main
[2021-10-25 18:56:48.151] [exthost] [info] ExtensionService#_doActivateExtension monokai.theme-monokai-pro-vscode, startup: true, activationEvent: '*'
[2021-10-25 18:56:48.151] [exthost] [info] ExtensionService#loadCommonJSModule file:///home/wyli/.vscode/extensions/monokai.theme-monokai-pro-vscode-1.1.19/js/main
[2021-10-25 18:56:48.158] [exthost] [info] ExtensionService#_doActivateExtension nowsci.glassit-linux, startup: true, activationEvent: '*'
[2021-10-25 18:56:48.158] [exthost] [info] ExtensionService#loadCommonJSModule file:///home/wyli/.vscode/extensions/nowsci.glassit-linux-1.0.0/extension.js
[2021-10-25 18:56:48.163] [exthost] [info] ExtensionService#_doActivateExtension shalldie.background, startup: true, activationEvent: '*'
[2021-10-25 18:56:48.163] [exthost] [info] ExtensionService#loadCommonJSModule file:///home/wyli/.vscode/extensions/shalldie.background-1.1.28/out/extension
[2021-10-25 18:56:48.373] [exthost] [error] Activating extension shalldie.background failed due to an error:
[2021-10-25 18:56:48.373] [exthost] [error] Error: EACCES: permission denied, open '/usr/share/code/resources/app/out/vs/workbench/workbench.desktop.main.css'
	at Object.openSync (fs.js:476:3)
	at Object.func [as openSync] (electron/js2c/asar_bundle.js:5:1846)
	at Object.writeFileSync (fs.js:1467:35)
	at Background.saveCssContent (/home/wyli/.vscode/extensions/shalldie.background-1.1.28/out/background.js:107:26)
	at Background.install (/home/wyli/.vscode/extensions/shalldie.background-1.1.28/out/background.js:186:14)
	at Background.initialize (/home/wyli/.vscode/extensions/shalldie.background-1.1.28/out/background.js:121:18)
	at Background.watch (/home/wyli/.vscode/extensions/shalldie.background-1.1.28/out/background.js:229:14)
	at activate (/home/wyli/.vscode/extensions/shalldie.background-1.1.28/out/extension.js:25:53)
	at Function._callActivateOptional (/usr/share/code/resources/app/out/vs/workbench/services/extensions/node/extensionHostProcess.js:99:15028)
	at Function._callActivate (/usr/share/code/resources/app/out/vs/workbench/services/extensions/node/extensionHostProcess.js:99:14704)
	at /usr/share/code/resources/app/out/vs/workbench/services/extensions/node/extensionHostProcess.js:99:12907
	at processTicksAndRejections (internal/process/task_queues.js:93:5)
	at async Promise.all (index 4)
	at async Promise.all (index 0)
[2021-10-25 18:56:48.619] [exthost] [info] ExtensionService#_doActivateExtension vscode.github, startup: true, activationEvent: '*'
[2021-10-25 18:56:48.619] [exthost] [info] ExtensionService#loadCommonJSModule file:///usr/share/code/resources/app/extensions/github/dist/extension.js
[2021-10-25 18:56:48.717] [exthost] [info] eager extensions activated
[2021-10-25 18:56:48.749] [exthost] [info] ExtensionService#_doActivateExtension ms-vscode.js-debug, startup: false, activationEvent: 'onCommand:extension.js-debug.clearAutoAttachVariables'
[2021-10-25 18:56:48.749] [exthost] [info] ExtensionService#loadCommonJSModule file:///usr/share/code/resources/app/extensions/ms-vscode.js-debug/src/extension.js
[2021-10-25 18:56:48.892] [exthost] [info] ExtensionService#_doActivateExtension vscode.emmet, startup: false, activationEvent: 'onStartupFinished'
[2021-10-25 18:56:48.892] [exthost] [info] ExtensionService#loadCommonJSModule file:///usr/share/code/resources/app/extensions/emmet/dist/node/emmetNodeMain
[2021-10-25 18:56:48.900] [exthost] [info] ExtensionService#_doActivateExtension vscode.merge-conflict, startup: false, activationEvent: 'onStartupFinished'
[2021-10-25 18:56:48.900] [exthost] [info] ExtensionService#loadCommonJSModule file:///usr/share/code/resources/app/extensions/merge-conflict/dist/mergeConflictMain
[2021-10-25 18:56:49.021] [exthost] [info] ExtensionService#_doActivateExtension vscode.github-authentication, startup: false, activationEvent: 'onAuthenticationRequest:github'
[2021-10-25 18:56:49.021] [exthost] [info] ExtensionService#loadCommonJSModule file:///usr/share/code/resources/app/extensions/github-authentication/dist/extension.js
[2021-10-25 18:57:46.409] [exthost] [info] ExtensionService#_doActivateExtension vscjava.vscode-java-dependency, startup: false, activationEvent: 'onLanguage:java'
[2021-10-25 18:57:46.409] [exthost] [info] ExtensionService#loadCommonJSModule file:///home/wyli/.vscode/extensions/vscjava.vscode-java-dependency-0.18.8/main.js
[2021-10-25 18:57:46.499] [exthost] [info] ExtensionService#_doActivateExtension vscjava.vscode-java-debug, startup: false, activationEvent: 'onLanguage:java'
[2021-10-25 18:57:46.500] [exthost] [info] ExtensionService#loadCommonJSModule file:///home/wyli/.vscode/extensions/vscjava.vscode-java-debug-0.36.0/dist/extension
[2021-10-25 18:57:46.548] [exthost] [info] ExtensionService#_doActivateExtension VisualStudioExptTeam.vscodeintellicode, startup: false, activationEvent: 'onLanguage:java'
[2021-10-25 18:57:46.548] [exthost] [info] ExtensionService#loadCommonJSModule file:///home/wyli/.vscode/extensions/visualstudioexptteam.vscodeintellicode-1.2.14/dist/intellicode
[2021-10-25 18:57:46.655] [exthost] [info] ExtensionService#_doActivateExtension redhat.java, startup: false, activationEvent: 'onLanguage:java'
[2021-10-25 18:57:46.655] [exthost] [info] ExtensionService#loadCommonJSModule file:///home/wyli/.vscode/extensions/redhat.java-1.0.0/dist/extension
[2021-10-25 18:57:46.745] [exthost] [info] ExtensionService#_doActivateExtension vscjava.vscode-java-pack, startup: false, activationEvent: 'onLanguage:java'
[2021-10-25 18:57:46.745] [exthost] [info] ExtensionService#loadCommonJSModule file:///home/wyli/.vscode/extensions/vscjava.vscode-java-pack-0.18.6/out/extension
[2021-10-25 18:57:47.065] [exthost] [error] Activating extension redhat.java failed due to an error:
[2021-10-25 18:57:47.066] [exthost] [error] {"message":"Java 11 or more recent is required to run the Java extension. Please download and install a recent JDK. You can still compile your projects with older JDKs by configuring ['java.configuration.runtimes'](https://github.com/redhat-developer/vscode-java/wiki/JDK-Requirements#java.configuration.runtimes)","label":"Get the Java Development Kit","command":"vscode.open","commandParam":{"$mid":1,"path":"/products/openjdk/download/","scheme":"https","authority":"developers.redhat.com","query":"sc_cid=701f2000000RWTnAAO"}}
[2021-10-25 18:57:47.272] [exthost] [info] ExtensionService#_doActivateExtension vscode.configuration-editing, startup: false, activationEvent: 'onLanguage:jsonc'
[2021-10-25 18:57:47.272] [exthost] [info] ExtensionService#loadCommonJSModule file:///usr/share/code/resources/app/extensions/configuration-editing/dist/configurationEditingMain
[2021-10-25 18:57:47.280] [exthost] [info] ExtensionService#_doActivateExtension vscode.json-language-features, startup: false, activationEvent: 'onLanguage:jsonc'
[2021-10-25 18:57:47.280] [exthost] [info] ExtensionService#loadCommonJSModule file:///usr/share/code/resources/app/extensions/json-language-features/client/dist/node/jsonClientMain
[2021-10-25 18:57:47.309] [exthost] [info] ExtensionService#_doActivateExtension vscode.typescript-language-features, startup: false, activationEvent: 'onLanguage:jsonc'
[2021-10-25 18:57:47.309] [exthost] [info] ExtensionService#loadCommonJSModule file:///usr/share/code/resources/app/extensions/typescript-language-features/dist/extension
[2021-10-25 19:01:14.691] [exthost] [info] ExtensionService#_doActivateExtension icrawl.discord-vscode, startup: false, activationEvent: '*'
[2021-10-25 19:01:14.692] [exthost] [info] ExtensionService#loadCommonJSModule file:///home/wyli/.vscode/extensions/icrawl.discord-vscode-5.7.0/dist/extension
[2021-10-25 19:01:14.764] [exthost] [error] Activating extension icrawl.discord-vscode failed due to an error:
[2021-10-25 19:01:14.764] [exthost] [error] TypeError: Cannot read property 'write' of null
	at IPCTransport.send (/home/wyli/.vscode/extensions/icrawl.discord-vscode-5.7.0/dist/extension.js:2:21904)
	at /home/wyli/.vscode/extensions/icrawl.discord-vscode-5.7.0/dist/extension.js:2:21991
	at new Promise (<anonymous>)
	at IPCTransport.close (/home/wyli/.vscode/extensions/icrawl.discord-vscode-5.7.0/dist/extension.js:2:21948)
	at RPCClient.destroy (/home/wyli/.vscode/extensions/icrawl.discord-vscode-5.7.0/dist/extension.js:2:15661)
	at login (/home/wyli/.vscode/extensions/icrawl.discord-vscode-5.7.0/dist/extension.js:2:143219)
	at processTicksAndRejections (internal/process/task_queues.js:93:5)
	at async activate (/home/wyli/.vscode/extensions/icrawl.discord-vscode-5.7.0/dist/extension.js:2:145366)
	at async Promise.all (index 0)
	at async w.$activate (/usr/share/code/resources/app/out/vs/workbench/services/extensions/node/extensionHostProcess.js:99:20236)
[2021-10-25 19:01:39.518] [exthost] [info] ExtensionService#_doActivateExtension vscode.extension-editing, startup: false, activationEvent: 'onLanguage:json'
[2021-10-25 19:01:39.518] [exthost] [info] ExtensionService#loadCommonJSModule file:///usr/share/code/resources/app/extensions/extension-editing/dist/extensionEditingMain
[2021-10-25 19:01:39.561] [exthost] [info] ExtensionService#_doActivateExtension vscode.npm, startup: false, activationEvent: 'onLanguage:json'
[2021-10-25 19:01:39.561] [exthost] [info] ExtensionService#loadCommonJSModule file:///usr/share/code/resources/app/extensions/npm/dist/npmMain
[2021-10-25 19:01:55.543] [exthost] [info] ExtensionService#_doActivateExtension vscjava.vscode-gradle, startup: false, activationEvent: 'workspaceContains:**/gradlew,**/gradlew.bat'
[2021-10-25 19:01:55.544] [exthost] [info] ExtensionService#loadCommonJSModule file:///home/wyli/.vscode/extensions/vscjava.vscode-gradle-3.8.0/dist/index.js
[2021-10-25 19:05:05.665] [exthost] [info] ExtensionService#_doActivateExtension fwcd.kotlin, startup: false, activationEvent: 'onLanguage:kotlin'
[2021-10-25 19:05:05.668] [exthost] [info] ExtensionService#loadCommonJSModule file:///home/wyli/.vscode/extensions/fwcd.kotlin-0.2.23/dist/extension
[2021-10-25 19:05:48.805] [exthost] [error] Activating extension fwcd.kotlin failed due to an error:
[2021-10-25 19:05:48.805] [exthost] [error] Error: Internal error.
	at /home/wyli/.vscode/extensions/fwcd.kotlin-0.2.23/dist/extension.js:2:815204
	at /home/wyli/.vscode/extensions/fwcd.kotlin-0.2.23/dist/extension.js:2:815498
	at Immediate.<anonymous> (/home/wyli/.vscode/extensions/fwcd.kotlin-0.2.23/dist/extension.js:2:815863)
	at processImmediate (internal/timers.js:461:21)
[2021-10-25 19:06:18.982] [exthost] [info] ExtensionService#_doActivateExtension vscode.markdown-language-features, startup: false, activationEvent: 'onLanguage:markdown'
[2021-10-25 19:06:18.982] [exthost] [info] ExtensionService#loadCommonJSModule file:///usr/share/code/resources/app/extensions/markdown-language-features/dist/extension
[2021-10-25 19:06:19.310] [exthost] [info] ExtensionService#_doActivateExtension vscode.markdown-math, startup: false, activationEvent: 'api', root cause: vscode.markdown-language-features
[2021-10-25 19:06:19.311] [exthost] [info] ExtensionService#loadCommonJSModule file:///usr/share/code/resources/app/extensions/markdown-math/dist/extension
[2021-10-25 19:06:44.972] [exthost] [info] ExtensionService#_doActivateExtension vscode.simple-browser, startup: false, activationEvent: 'onOpenExternalUri:https'
[2021-10-25 19:06:44.973] [exthost] [info] ExtensionService#loadCommonJSModule file:///usr/share/code/resources/app/extensions/simple-browser/dist/extension
