[Info  - 08:29:25.563] Reading sessions from keychain...
[Info  - 08:29:25.582] Getting sessions for all scopes...
[Info  - 08:29:25.582] Getting sessions for all scopes...
[Info  - 08:29:25.594] Got 0 sessions for all scopes...
[Info  - 08:29:25.594] Got 0 sessions for all scopes...
[Info  - 08:30:07.275] Getting sessions for read:user...
[Info  - 08:30:07.276] Got 0 sessions for read:user...
[Info  - 08:30:09.980] Getting sessions for read:user...
[Info  - 08:30:09.980] Got 0 sessions for read:user...
[Info  - 08:30:11.411] Logging in for the following scopes: read:user
[Trace  - 08:30:30.157] Handling Uri...
[Info  - 08:30:30.157] Exchanging code for token...
[Info  - 08:30:31.239] Token exchange success!
[Info  - 08:30:31.242] Getting user info...
[Info  - 08:30:31.899] Got account info!
[Info  - 08:30:31.900] Storing 1 sessions...
[Info  - 08:30:31.980] Reading sessions from keychain...
[Info  - 08:30:31.981] Stored 1 sessions!
[Info  - 08:30:31.982] Login success!
[Trace  - 08:30:32.9] Token acquired from secret storage.
[Info  - 08:30:32.9] Got stored sessions!
[Trace  - 08:30:32.9] Read the following session from the keychain with the following scopes: read:user
[Info  - 08:30:32.10] Got 1 verified sessions.
[Info  - 08:30:32.10] Getting sessions for all scopes...
[Info  - 08:30:32.10] Got 1 sessions for all scopes...
