[22:06:09.643] Log Level: 2
[22:06:09.645] remote-ssh@0.65.8
[22:06:09.646] linux x64
[22:06:09.646] SSH Resolver called for "ssh-remote+192.168.1.194", attempt 1
[22:06:09.647] "remote.SSH.useLocalServer": true
[22:06:09.647] "remote.SSH.path": undefined
[22:06:09.647] "remote.SSH.configFile": undefined
[22:06:09.647] "remote.SSH.useFlock": true
[22:06:09.648] "remote.SSH.lockfilesInTmp": false
[22:06:09.648] "remote.SSH.localServerDownload": auto
[22:06:09.648] "remote.SSH.remoteServerListenOnSocket": false
[22:06:09.648] "remote.SSH.showLoginTerminal": false
[22:06:09.648] "remote.SSH.defaultExtensions": []
[22:06:09.648] "remote.SSH.loglevel": 2
[22:06:09.649] SSH Resolver called for host: 192.168.1.194
[22:06:09.649] Setting up SSH remote "192.168.1.194"
[22:06:09.652] Acquiring local install lock: /tmp/vscode-remote-ssh-92143ae9-install.lock
[22:06:09.663] Looking for existing server data file at /home/wyli/.config/Code/User/globalStorage/ms-vscode-remote.remote-ssh/vscode-ssh-host-92143ae9-6cba118ac49a1b88332f312a8f67186f7f3c1643-0.65.8/data.json
[22:06:09.665] Using commit id "6cba118ac49a1b88332f312a8f67186f7f3c1643" and quality "stable" for server
[22:06:09.670] Install and start server if needed
[22:06:09.678] PATH: /home/wyli/.cargo/bin:/usr/local/sbin:/usr/local/bin:/usr/sbin:/usr/bin:/sbin:/bin:/usr/games:/usr/local/games:/snap/bin
[22:06:09.679] Checking ssh with "ssh -V"
[22:06:09.697] > OpenSSH_8.4p1 Ubuntu-5ubuntu1.1, OpenSSL 1.1.1j  16 Feb 2021

[22:06:09.716] askpass server listening on /run/user/1000/vscode-ssh-askpass-abd3365840791d4080146bdeb6b61b0794ab03fd.sock
[22:06:09.717] Spawning local server with {"serverId":1,"ipcHandlePath":"/run/user/1000/vscode-ssh-askpass-cfc9288041ee03893ea7de44207e0954dcd58391.sock","sshCommand":"ssh","sshArgs":["-v","-T","-D","43795","-o","ConnectTimeout=15","192.168.1.194"],"dataFilePath":"/home/wyli/.config/Code/User/globalStorage/ms-vscode-remote.remote-ssh/vscode-ssh-host-92143ae9-6cba118ac49a1b88332f312a8f67186f7f3c1643-0.65.8/data.json"}
[22:06:09.717] Local server env: {"DISPLAY":":1","ELECTRON_RUN_AS_NODE":"1","SSH_ASKPASS":"/home/wyli/.vscode/extensions/ms-vscode-remote.remote-ssh-0.65.8/out/local-server/askpass.sh","VSCODE_SSH_ASKPASS_NODE":"/usr/share/code/code","VSCODE_SSH_ASKPASS_MAIN":"/home/wyli/.vscode/extensions/ms-vscode-remote.remote-ssh-0.65.8/out/askpass-main.js","VSCODE_SSH_ASKPASS_HANDLE":"/run/user/1000/vscode-ssh-askpass-abd3365840791d4080146bdeb6b61b0794ab03fd.sock"}
[22:06:09.720] Spawned 8668
[22:06:09.809] > local-server-1> Spawned ssh, pid=8676
[22:06:09.811] stderr> OpenSSH_8.4p1 Ubuntu-5ubuntu1.1, OpenSSL 1.1.1j  16 Feb 2021
[22:06:09.871] stderr> debug1: Server host key: ecdsa-sha2-nistp256 SHA256:c6gLVRInhI0YYIIKUHqRBW4KTM3I3RzkKVviTaQGFdM
[22:06:09.978] Got askpass request: {"request":"The authenticity of host '192.168.1.194 (192.168.1.194)' can't be established. ECDSA key fingerprint is SHA256:c6gLVRInhI0YYIIKUHqRBW4KTM3I3RzkKVviTaQGFdM. Are you sure you want to continue connecting (yes/no/[fingerprint])?"}
[22:06:09.978] Detected fingerprint confirmation message
[22:06:09.979] Showing fingerprint confirmation dialog
[22:06:09.980] Listening for interwindow password on /run/user/1000/vscode-ssh-askpass-1d4bf34af7a885a4bd4b9de218410177508e164e.sock
[22:06:09.980] Writing password prompt to globalState
[22:06:10.238] Fingerprint dialog canceled
[22:06:10.238] Interactor signaled cancel
[22:06:10.239] Cleaning up other-window auth server
[22:06:10.265] stderr> Host key verification failed.
[22:06:10.267] > local-server-1> ssh child died, shutting down
[22:06:10.275] Local server exit: 0
[22:06:10.276] Received install output: local-server-1> Spawned ssh, pid=8676
OpenSSH_8.4p1 Ubuntu-5ubuntu1.1, OpenSSL 1.1.1j  16 Feb 2021
debug1: Server host key: ecdsa-sha2-nistp256 SHA256:c6gLVRInhI0YYIIKUHqRBW4KTM3I3RzkKVviTaQGFdM
Host key verification failed.
local-server-1> ssh child died, shutting down

[22:06:10.277] Failed to parse remote port from server output
[22:06:10.278] Resolver error: Error: 
	at Function.Create (/home/wyli/.vscode/extensions/ms-vscode-remote.remote-ssh-0.65.8/out/extension.js:1:397041)
	at Object.t.handleInstallOutput (/home/wyli/.vscode/extensions/ms-vscode-remote.remote-ssh-0.65.8/out/extension.js:1:395684)
	at Object.e [as tryInstallWithLocalServer] (/home/wyli/.vscode/extensions/ms-vscode-remote.remote-ssh-0.65.8/out/extension.js:1:435292)
	at processTicksAndRejections (internal/process/task_queues.js:93:5)
	at async /home/wyli/.vscode/extensions/ms-vscode-remote.remote-ssh-0.65.8/out/extension.js:1:452665
	at async Object.t.withShowDetailsEvent (/home/wyli/.vscode/extensions/ms-vscode-remote.remote-ssh-0.65.8/out/extension.js:1:456460)
	at async /home/wyli/.vscode/extensions/ms-vscode-remote.remote-ssh-0.65.8/out/extension.js:1:433816
	at async C (/home/wyli/.vscode/extensions/ms-vscode-remote.remote-ssh-0.65.8/out/extension.js:1:430392)
	at async Object.t.resolveWithLocalServer (/home/wyli/.vscode/extensions/ms-vscode-remote.remote-ssh-0.65.8/out/extension.js:1:433431)
	at async Object.t.resolve (/home/wyli/.vscode/extensions/ms-vscode-remote.remote-ssh-0.65.8/out/extension.js:1:454065)
	at async /home/wyli/.vscode/extensions/ms-vscode-remote.remote-ssh-0.65.8/out/extension.js:1:526942
[22:06:10.284] ------




[22:06:25.492] Picking SSH host
[22:06:27.694] Selected 192.168.1.194
