[2021-10-28 22:06:09.593] [exthost] [info] extension host started
[2021-10-28 22:06:09.627] [exthost] [info] ExtensionService#_doActivateExtension ms-vscode-remote.remote-ssh, startup: false, activationEvent: 'onResolveRemoteAuthority:ssh-remote'
[2021-10-28 22:06:09.627] [exthost] [info] ExtensionService#loadCommonJSModule file:///home/wyli/.vscode/extensions/ms-vscode-remote.remote-ssh-0.65.8/out/extension
[2021-10-28 22:06:10.958] [exthost] [info] ExtensionService#_doActivateExtension vscode.microsoft-authentication, startup: false, activationEvent: 'onAuthenticationRequest:microsoft'
[2021-10-28 22:06:10.958] [exthost] [info] ExtensionService#loadCommonJSModule file:///usr/share/code/resources/app/extensions/microsoft-authentication/dist/extension.js
[2021-10-28 22:06:10.964] [exthost] [info] ExtensionService#_doActivateExtension icrawl.discord-vscode, startup: true, activationEvent: '*'
[2021-10-28 22:06:10.964] [exthost] [info] ExtensionService#loadCommonJSModule file:///home/wyli/.vscode/extensions/icrawl.discord-vscode-5.7.0/dist/extension
[2021-10-28 22:06:10.969] [exthost] [info] ExtensionService#_doActivateExtension monokai.theme-monokai-pro-vscode, startup: true, activationEvent: '*'
[2021-10-28 22:06:10.970] [exthost] [info] ExtensionService#loadCommonJSModule file:///home/wyli/.vscode/extensions/monokai.theme-monokai-pro-vscode-1.1.19/js/main
[2021-10-28 22:06:10.972] [exthost] [info] ExtensionService#_doActivateExtension shalldie.background, startup: true, activationEvent: '*'
[2021-10-28 22:06:10.972] [exthost] [info] ExtensionService#loadCommonJSModule file:///home/wyli/.vscode/extensions/shalldie.background-1.1.28/out/extension
[2021-10-28 22:06:11.041] [exthost] [error] Activating extension shalldie.background failed due to an error:
[2021-10-28 22:06:11.041] [exthost] [error] Error: EACCES: permission denied, open '/usr/share/code/resources/app/out/vs/workbench/workbench.desktop.main.css'
	at Object.openSync (fs.js:476:3)
	at Object.func [as openSync] (electron/js2c/asar_bundle.js:5:1846)
	at Object.writeFileSync (fs.js:1467:35)
	at Background.saveCssContent (/home/wyli/.vscode/extensions/shalldie.background-1.1.28/out/background.js:107:26)
	at Background.install (/home/wyli/.vscode/extensions/shalldie.background-1.1.28/out/background.js:186:14)
	at Background.initialize (/home/wyli/.vscode/extensions/shalldie.background-1.1.28/out/background.js:121:18)
	at Background.watch (/home/wyli/.vscode/extensions/shalldie.background-1.1.28/out/background.js:229:14)
	at activate (/home/wyli/.vscode/extensions/shalldie.background-1.1.28/out/extension.js:25:53)
	at Function._callActivateOptional (/usr/share/code/resources/app/out/vs/workbench/services/extensions/node/extensionHostProcess.js:99:15028)
	at Function._callActivate (/usr/share/code/resources/app/out/vs/workbench/services/extensions/node/extensionHostProcess.js:99:14704)
	at /usr/share/code/resources/app/out/vs/workbench/services/extensions/node/extensionHostProcess.js:99:12907
	at processTicksAndRejections (internal/process/task_queues.js:93:5)
	at async Promise.all (index 2)
	at async Promise.all (index 0)
[2021-10-28 22:06:11.072] [exthost] [error] Activating extension icrawl.discord-vscode failed due to an error:
[2021-10-28 22:06:11.072] [exthost] [error] TypeError: Cannot read property 'write' of null
	at IPCTransport.send (/home/wyli/.vscode/extensions/icrawl.discord-vscode-5.7.0/dist/extension.js:2:21904)
	at /home/wyli/.vscode/extensions/icrawl.discord-vscode-5.7.0/dist/extension.js:2:21991
	at new Promise (<anonymous>)
	at IPCTransport.close (/home/wyli/.vscode/extensions/icrawl.discord-vscode-5.7.0/dist/extension.js:2:21948)
	at RPCClient.destroy (/home/wyli/.vscode/extensions/icrawl.discord-vscode-5.7.0/dist/extension.js:2:15661)
	at login (/home/wyli/.vscode/extensions/icrawl.discord-vscode-5.7.0/dist/extension.js:2:143219)
	at processTicksAndRejections (internal/process/task_queues.js:93:5)
	at async activate (/home/wyli/.vscode/extensions/icrawl.discord-vscode-5.7.0/dist/extension.js:2:145366)
	at async Promise.all (index 0)
	at async Promise.all (index 0)
[2021-10-28 22:06:11.072] [exthost] [info] eager extensions activated
[2021-10-28 22:06:11.330] [exthost] [info] ExtensionService#_doActivateExtension vscode.github-authentication, startup: false, activationEvent: 'onAuthenticationRequest:github'
[2021-10-28 22:06:11.330] [exthost] [info] ExtensionService#loadCommonJSModule file:///usr/share/code/resources/app/extensions/github-authentication/dist/extension.js
[2021-10-28 22:06:38.503] [exthost] [info] extension host terminating: renderer closed the socket
[2021-10-28 22:06:39.512] [exthost] [info] exiting with code 0
