[22:06:29.400] Log Level: 2
[22:06:29.402] remote-ssh@0.65.8
[22:06:29.402] linux x64
[22:06:29.405] SSH Resolver called for "ssh-remote+192.168.1.194", attempt 1
[22:06:29.406] "remote.SSH.useLocalServer": true
[22:06:29.406] "remote.SSH.path": undefined
[22:06:29.406] "remote.SSH.configFile": undefined
[22:06:29.407] "remote.SSH.useFlock": true
[22:06:29.407] "remote.SSH.lockfilesInTmp": false
[22:06:29.407] "remote.SSH.localServerDownload": auto
[22:06:29.407] "remote.SSH.remoteServerListenOnSocket": false
[22:06:29.407] "remote.SSH.showLoginTerminal": false
[22:06:29.408] "remote.SSH.defaultExtensions": []
[22:06:29.408] "remote.SSH.loglevel": 2
[22:06:29.408] SSH Resolver called for host: 192.168.1.194
[22:06:29.408] Setting up SSH remote "192.168.1.194"
[22:06:29.412] Acquiring local install lock: /tmp/vscode-remote-ssh-92143ae9-install.lock
[22:06:29.427] Looking for existing server data file at /home/wyli/.config/Code/User/globalStorage/ms-vscode-remote.remote-ssh/vscode-ssh-host-92143ae9-6cba118ac49a1b88332f312a8f67186f7f3c1643-0.65.8/data.json
[22:06:29.428] Using commit id "6cba118ac49a1b88332f312a8f67186f7f3c1643" and quality "stable" for server
[22:06:29.434] Install and start server if needed
[22:06:29.444] PATH: /home/wyli/.cargo/bin:/usr/local/sbin:/usr/local/bin:/usr/sbin:/usr/bin:/sbin:/bin:/usr/games:/usr/local/games:/snap/bin
[22:06:29.444] Checking ssh with "ssh -V"
[22:06:29.458] > OpenSSH_8.4p1 Ubuntu-5ubuntu1.1, OpenSSL 1.1.1j  16 Feb 2021

[22:06:29.477] askpass server listening on /run/user/1000/vscode-ssh-askpass-59e06893a9829b976eea0d5c57e09359d41b679e.sock
[22:06:29.477] Spawning local server with {"serverId":1,"ipcHandlePath":"/run/user/1000/vscode-ssh-askpass-0fab956abf38ef98b8ca1c53440d9022c69c154a.sock","sshCommand":"ssh","sshArgs":["-v","-T","-D","45377","-o","ConnectTimeout=15","192.168.1.194"],"dataFilePath":"/home/wyli/.config/Code/User/globalStorage/ms-vscode-remote.remote-ssh/vscode-ssh-host-92143ae9-6cba118ac49a1b88332f312a8f67186f7f3c1643-0.65.8/data.json"}
[22:06:29.477] Local server env: {"DISPLAY":":1","ELECTRON_RUN_AS_NODE":"1","SSH_ASKPASS":"/home/wyli/.vscode/extensions/ms-vscode-remote.remote-ssh-0.65.8/out/local-server/askpass.sh","VSCODE_SSH_ASKPASS_NODE":"/usr/share/code/code","VSCODE_SSH_ASKPASS_MAIN":"/home/wyli/.vscode/extensions/ms-vscode-remote.remote-ssh-0.65.8/out/askpass-main.js","VSCODE_SSH_ASKPASS_HANDLE":"/run/user/1000/vscode-ssh-askpass-59e06893a9829b976eea0d5c57e09359d41b679e.sock"}
[22:06:29.480] Spawned 8803
[22:06:29.572] > local-server-1> Spawned ssh, pid=8811
[22:06:29.574] stderr> OpenSSH_8.4p1 Ubuntu-5ubuntu1.1, OpenSSL 1.1.1j  16 Feb 2021
[22:06:29.636] stderr> debug1: Server host key: ecdsa-sha2-nistp256 SHA256:c6gLVRInhI0YYIIKUHqRBW4KTM3I3RzkKVviTaQGFdM
[22:06:29.755] Got askpass request: {"request":"The authenticity of host '192.168.1.194 (192.168.1.194)' can't be established. ECDSA key fingerprint is SHA256:c6gLVRInhI0YYIIKUHqRBW4KTM3I3RzkKVviTaQGFdM. Are you sure you want to continue connecting (yes/no/[fingerprint])?"}
[22:06:29.756] Detected fingerprint confirmation message
[22:06:29.756] Showing fingerprint confirmation dialog
[22:06:29.757] Listening for interwindow password on /run/user/1000/vscode-ssh-askpass-b6434fcba39fcbea2365d882d21d40da9dfd8809.sock
[22:06:29.757] Writing password prompt to globalState
[22:06:32.303] Got fingerprint response: yes
[22:06:32.303] Interactor gave response: yes
[22:06:32.304] Cleaning up other-window auth server
[22:06:32.325] stderr> Warning: Permanently added '192.168.1.194' (ECDSA) to the list of known hosts.
[22:06:32.442] Got askpass request: {"request":"ubuntu@192.168.1.194's password:"}
[22:06:32.443] Showing password prompt
[22:06:32.443] Listening for interwindow password on /run/user/1000/vscode-ssh-askpass-2fd7b34091bbd68ecc5d521d8c8a8f5cbea4c1ac.sock
[22:06:32.443] Writing password prompt to globalState
[22:06:35.210] Got password response
[22:06:35.211] Interactor gave response: *********
[22:06:35.212] Cleaning up other-window auth server
[22:06:35.279] stderr> Authenticated to 192.168.1.194 ([192.168.1.194]:22).
[22:06:37.271] > Welcome to Ubuntu 21.04 (GNU/Linux 5.11.0-1021-raspi aarch64)
> 
>  * Documentation:  https://help.ubuntu.com
>  * Management:     https://landscape.canonical.com
>  * Support:        https://ubuntu.com/advantage
> 
>   System information as of Thu Oct 28 14:06:35 UTC 2021
> 
>   System load:  1.0                Processes:                155
>   Usage of /:   34.3% of 28.95GB   Users logged in:          0
>   Memory usage: 9%                 IPv4 address for docker0: 172.17.0.1
>   Swap usage:   0%                 IPv4 address for eth0:    192.168.1.194
>   Temperature:  63.3 C
> 
>  * Super-optimized for small spaces - read how we shrank the memory
>    footprint of MicroK8s to make it the smallest full K8s around.
> 
>    https://ubuntu.com/blog/microk8s-memory-optimisation
> 
> 0 updates can be applied immediately.
> 
> New release '21.10' available.
> Run 'do-release-upgrade' to upgrade to it.
> 
[22:06:37.294] > ready: 3f4c922d8e1b
[22:06:37.301] > Linux 5.11.0-1021-raspi #22-Ubuntu SMP PREEMPT Wed Oct 6 17:30:38 UTC 2021
[22:06:37.302] Platform: linux
[22:06:37.375] > 3f4c922d8e1b: running
[22:06:37.454] > Acquiring lock on /home/ubuntu/.vscode-server/bin/6cba118ac49a1b88332f312a8f67186f7f3c1643/vscode-remote-lock.ubuntu.6cba118ac49a1b88332f312a8f67186f7f3c1643
[22:06:37.469] > Found existing installation at /home/ubuntu/.vscode-server/bin/6cba118ac49a1b88332f312a8f67186f7f3c1643...
> Checking /home/ubuntu/.vscode-server/.6cba118ac49a1b88332f312a8f67186f7f3c1643.log and /home/ubuntu/.vscode-server/.6cba118ac49a1b88332f312a8f67186f7f3c1643.pid for a running server
[22:06:37.471] > Looking for server with pid: 2425
[22:06:37.536] > Found running server...
[22:06:37.537] >  
> *
> * Reminder: You may only use this software with Visual Studio family products,
> * as described in the license (https://go.microsoft.com/fwlink/?linkid=2077057)
> *
>  
[22:06:37.568] > Checking server status on port 40533 with wget
[22:06:37.591] > 3f4c922d8e1b: start
> SSH_AUTH_SOCK====
> DISPLAY====
> webUiAccessToken====
> listeningOn==40533==
> osReleaseId==ubuntu==
> arch==aarch64==
> tmpDir==/run/user/1000==
> platform==linux==
> unpackResult====
> didLocalDownload==0==
> downloadTime====
> installTime====
> extInstallTime====
> serverStartTime====
> connectionToken==1a1a1111-1aaa-11a1-1111-1aaa111aaaaa==
> 3f4c922d8e1b: end
[22:06:37.592] Received install output: 
SSH_AUTH_SOCK====
DISPLAY====
webUiAccessToken====
listeningOn==40533==
osReleaseId==ubuntu==
arch==aarch64==
tmpDir==/run/user/1000==
platform==linux==
unpackResult====
didLocalDownload==0==
downloadTime====
installTime====
extInstallTime====
serverStartTime====
connectionToken==1a1a1111-1aaa-11a1-1111-1aaa111aaaaa==

[22:06:37.592] Remote server is listening on 40533
[22:06:37.593] Parsed server configuration: {"serverConfiguration":{"remoteListeningOn":{"port":40533},"osReleaseId":"ubuntu","arch":"aarch64","webUiAccessToken":"","sshAuthSock":"","display":"","tmpDir":"/run/user/1000","platform":"linux","connectionToken":"1a1a1111-1aaa-11a1-1111-1aaa111aaaaa"},"installUnpackCode":""}
[22:06:37.593] ** Note: Support for architecture "aarch64" is in preview **
[22:06:37.594] Persisting server connection details to /home/wyli/.config/Code/User/globalStorage/ms-vscode-remote.remote-ssh/vscode-ssh-host-92143ae9-6cba118ac49a1b88332f312a8f67186f7f3c1643-0.65.8/data.json
[22:06:37.595] Starting forwarding server. localPort 43105 -> socksPort 45377 -> remotePort 40533
[22:06:37.596] Forwarding server listening on 43105
[22:06:37.596] Waiting for ssh tunnel to be ready
[22:06:37.597] [Forwarding server 43105] Got connection 0
[22:06:37.599] Tunneled 40533 to local port 43105
[22:06:37.600] Resolved "ssh-remote+192.168.1.194" to "127.0.0.1:43105"
[22:06:37.608] ------




[22:06:37.627] [Forwarding server 43105] Got connection 1
[22:06:37.647] [Forwarding server 43105] Got connection 2
