[2021-10-26 16:49:47.099] [exthost] [info] extension host started
[2021-10-26 16:49:47.156] [exthost] [info] ExtensionService#_doActivateExtension vscode.microsoft-authentication, startup: false, activationEvent: 'onAuthenticationRequest:microsoft'
[2021-10-26 16:49:47.156] [exthost] [info] ExtensionService#loadCommonJSModule file:///usr/share/code/resources/app/extensions/microsoft-authentication/dist/extension.js
[2021-10-26 16:49:47.168] [exthost] [info] ExtensionService#_doActivateExtension vscode.debug-auto-launch, startup: true, activationEvent: '*'
[2021-10-26 16:49:47.168] [exthost] [info] ExtensionService#loadCommonJSModule file:///usr/share/code/resources/app/extensions/debug-auto-launch/dist/extension
[2021-10-26 16:49:47.172] [exthost] [info] ExtensionService#_doActivateExtension vscode.git, startup: true, activationEvent: '*', root cause: vscode.github
[2021-10-26 16:49:47.172] [exthost] [info] ExtensionService#loadCommonJSModule file:///usr/share/code/resources/app/extensions/git/dist/main
[2021-10-26 16:49:47.195] [exthost] [info] ExtensionService#_doActivateExtension icrawl.discord-vscode, startup: true, activationEvent: '*'
[2021-10-26 16:49:47.195] [exthost] [info] ExtensionService#loadCommonJSModule file:///home/wyli/.vscode/extensions/icrawl.discord-vscode-5.7.0/dist/extension
[2021-10-26 16:49:47.202] [exthost] [info] ExtensionService#_doActivateExtension monokai.theme-monokai-pro-vscode, startup: true, activationEvent: '*'
[2021-10-26 16:49:47.202] [exthost] [info] ExtensionService#loadCommonJSModule file:///home/wyli/.vscode/extensions/monokai.theme-monokai-pro-vscode-1.1.19/js/main
[2021-10-26 16:49:47.205] [exthost] [info] ExtensionService#_doActivateExtension nowsci.glassit-linux, startup: true, activationEvent: '*'
[2021-10-26 16:49:47.205] [exthost] [info] ExtensionService#loadCommonJSModule file:///home/wyli/.vscode/extensions/nowsci.glassit-linux-1.0.0/extension.js
[2021-10-26 16:49:47.207] [exthost] [info] ExtensionService#_doActivateExtension shalldie.background, startup: true, activationEvent: '*'
[2021-10-26 16:49:47.207] [exthost] [info] ExtensionService#loadCommonJSModule file:///home/wyli/.vscode/extensions/shalldie.background-1.1.28/out/extension
[2021-10-26 16:49:47.379] [exthost] [error] Activating extension shalldie.background failed due to an error:
[2021-10-26 16:49:47.379] [exthost] [error] Error: EACCES: permission denied, open '/usr/share/code/resources/app/out/vs/workbench/workbench.desktop.main.css'
	at Object.openSync (fs.js:476:3)
	at Object.func [as openSync] (electron/js2c/asar_bundle.js:5:1846)
	at Object.writeFileSync (fs.js:1467:35)
	at Background.saveCssContent (/home/wyli/.vscode/extensions/shalldie.background-1.1.28/out/background.js:107:26)
	at Background.install (/home/wyli/.vscode/extensions/shalldie.background-1.1.28/out/background.js:186:14)
	at Background.initialize (/home/wyli/.vscode/extensions/shalldie.background-1.1.28/out/background.js:121:18)
	at Background.watch (/home/wyli/.vscode/extensions/shalldie.background-1.1.28/out/background.js:229:14)
	at activate (/home/wyli/.vscode/extensions/shalldie.background-1.1.28/out/extension.js:25:53)
	at Function._callActivateOptional (/usr/share/code/resources/app/out/vs/workbench/services/extensions/node/extensionHostProcess.js:99:15028)
	at Function._callActivate (/usr/share/code/resources/app/out/vs/workbench/services/extensions/node/extensionHostProcess.js:99:14704)
	at /usr/share/code/resources/app/out/vs/workbench/services/extensions/node/extensionHostProcess.js:99:12907
	at processTicksAndRejections (internal/process/task_queues.js:93:5)
	at async Promise.all (index 5)
	at async Promise.all (index 0)
[2021-10-26 16:49:47.398] [exthost] [error] Activating extension icrawl.discord-vscode failed due to an error:
[2021-10-26 16:49:47.398] [exthost] [error] TypeError: Cannot read property 'write' of null
	at IPCTransport.send (/home/wyli/.vscode/extensions/icrawl.discord-vscode-5.7.0/dist/extension.js:2:21904)
	at /home/wyli/.vscode/extensions/icrawl.discord-vscode-5.7.0/dist/extension.js:2:21991
	at new Promise (<anonymous>)
	at IPCTransport.close (/home/wyli/.vscode/extensions/icrawl.discord-vscode-5.7.0/dist/extension.js:2:21948)
	at RPCClient.destroy (/home/wyli/.vscode/extensions/icrawl.discord-vscode-5.7.0/dist/extension.js:2:15661)
	at login (/home/wyli/.vscode/extensions/icrawl.discord-vscode-5.7.0/dist/extension.js:2:143219)
	at processTicksAndRejections (internal/process/task_queues.js:93:5)
	at async activate (/home/wyli/.vscode/extensions/icrawl.discord-vscode-5.7.0/dist/extension.js:2:145366)
	at async Promise.all (index 2)
	at async Promise.all (index 0)
[2021-10-26 16:49:47.449] [exthost] [info] ExtensionService#_doActivateExtension vscode.github, startup: true, activationEvent: '*'
[2021-10-26 16:49:47.449] [exthost] [info] ExtensionService#loadCommonJSModule file:///usr/share/code/resources/app/extensions/github/dist/extension.js
[2021-10-26 16:49:47.495] [exthost] [info] eager extensions activated
[2021-10-26 16:49:47.504] [exthost] [info] ExtensionService#_doActivateExtension ms-vscode.js-debug, startup: false, activationEvent: 'onCommand:extension.js-debug.clearAutoAttachVariables'
[2021-10-26 16:49:47.504] [exthost] [info] ExtensionService#loadCommonJSModule file:///usr/share/code/resources/app/extensions/ms-vscode.js-debug/src/extension.js
[2021-10-26 16:49:47.650] [exthost] [info] ExtensionService#_doActivateExtension vscode.emmet, startup: false, activationEvent: 'onStartupFinished'
[2021-10-26 16:49:47.650] [exthost] [info] ExtensionService#loadCommonJSModule file:///usr/share/code/resources/app/extensions/emmet/dist/node/emmetNodeMain
[2021-10-26 16:49:47.657] [exthost] [info] ExtensionService#_doActivateExtension vscode.merge-conflict, startup: false, activationEvent: 'onStartupFinished'
[2021-10-26 16:49:47.658] [exthost] [info] ExtensionService#loadCommonJSModule file:///usr/share/code/resources/app/extensions/merge-conflict/dist/mergeConflictMain
[2021-10-26 16:49:47.747] [exthost] [info] ExtensionService#_doActivateExtension vscode.github-authentication, startup: false, activationEvent: 'onAuthenticationRequest:github'
[2021-10-26 16:49:47.747] [exthost] [info] ExtensionService#loadCommonJSModule file:///usr/share/code/resources/app/extensions/github-authentication/dist/extension.js
[2021-10-26 16:50:11.164] [exthost] [info] extension host terminating: renderer closed the socket
[2021-10-26 16:50:12.174] [exthost] [info] exiting with code 0
[2021-10-26 16:50:13.086] [exthost] [info] extension host started
[2021-10-26 16:50:13.086] [exthost] [info] Skipping acquiring lock for /home/wyli/.config/Code/User/workspaceStorage/318655d15dbb8505778bc0d4672f1e60.
[2021-10-26 16:50:13.366] [exthost] [info] ExtensionService#_doActivateExtension vscode.microsoft-authentication, startup: false, activationEvent: 'onAuthenticationRequest:microsoft'
[2021-10-26 16:50:13.366] [exthost] [info] ExtensionService#loadCommonJSModule file:///usr/share/code/resources/app/extensions/microsoft-authentication/dist/extension.js
[2021-10-26 16:50:13.384] [exthost] [info] ExtensionService#_doActivateExtension vscode.debug-auto-launch, startup: true, activationEvent: '*'
[2021-10-26 16:50:13.384] [exthost] [info] ExtensionService#loadCommonJSModule file:///usr/share/code/resources/app/extensions/debug-auto-launch/dist/extension
[2021-10-26 16:50:13.387] [exthost] [info] ExtensionService#_doActivateExtension vscode.git, startup: true, activationEvent: '*', root cause: vscode.github
[2021-10-26 16:50:13.387] [exthost] [info] ExtensionService#loadCommonJSModule file:///usr/share/code/resources/app/extensions/git/dist/main
[2021-10-26 16:50:13.419] [exthost] [info] ExtensionService#_doActivateExtension icrawl.discord-vscode, startup: true, activationEvent: '*'
[2021-10-26 16:50:13.419] [exthost] [info] ExtensionService#loadCommonJSModule file:///home/wyli/.vscode/extensions/icrawl.discord-vscode-5.7.0/dist/extension
[2021-10-26 16:50:13.434] [exthost] [info] ExtensionService#_doActivateExtension monokai.theme-monokai-pro-vscode, startup: true, activationEvent: '*'
[2021-10-26 16:50:13.434] [exthost] [info] ExtensionService#loadCommonJSModule file:///home/wyli/.vscode/extensions/monokai.theme-monokai-pro-vscode-1.1.19/js/main
[2021-10-26 16:50:13.438] [exthost] [info] ExtensionService#_doActivateExtension nowsci.glassit-linux, startup: true, activationEvent: '*'
[2021-10-26 16:50:13.438] [exthost] [info] ExtensionService#loadCommonJSModule file:///home/wyli/.vscode/extensions/nowsci.glassit-linux-1.0.0/extension.js
[2021-10-26 16:50:13.440] [exthost] [info] ExtensionService#_doActivateExtension shalldie.background, startup: true, activationEvent: '*'
[2021-10-26 16:50:13.440] [exthost] [info] ExtensionService#loadCommonJSModule file:///home/wyli/.vscode/extensions/shalldie.background-1.1.28/out/extension
[2021-10-26 16:50:13.747] [exthost] [error] Activating extension shalldie.background failed due to an error:
[2021-10-26 16:50:13.748] [exthost] [error] Error: EACCES: permission denied, open '/usr/share/code/resources/app/out/vs/workbench/workbench.desktop.main.css'
	at Object.openSync (fs.js:476:3)
	at Object.func [as openSync] (electron/js2c/asar_bundle.js:5:1846)
	at Object.writeFileSync (fs.js:1467:35)
	at Background.saveCssContent (/home/wyli/.vscode/extensions/shalldie.background-1.1.28/out/background.js:107:26)
	at Background.install (/home/wyli/.vscode/extensions/shalldie.background-1.1.28/out/background.js:186:14)
	at Background.initialize (/home/wyli/.vscode/extensions/shalldie.background-1.1.28/out/background.js:121:18)
	at Background.watch (/home/wyli/.vscode/extensions/shalldie.background-1.1.28/out/background.js:229:14)
	at activate (/home/wyli/.vscode/extensions/shalldie.background-1.1.28/out/extension.js:25:53)
	at Function._callActivateOptional (/usr/share/code/resources/app/out/vs/workbench/services/extensions/node/extensionHostProcess.js:99:15028)
	at Function._callActivate (/usr/share/code/resources/app/out/vs/workbench/services/extensions/node/extensionHostProcess.js:99:14704)
	at /usr/share/code/resources/app/out/vs/workbench/services/extensions/node/extensionHostProcess.js:99:12907
	at processTicksAndRejections (internal/process/task_queues.js:93:5)
	at async Promise.all (index 5)
	at async Promise.all (index 0)
[2021-10-26 16:50:13.817] [exthost] [error] Activating extension icrawl.discord-vscode failed due to an error:
[2021-10-26 16:50:13.817] [exthost] [error] TypeError: Cannot read property 'write' of null
	at IPCTransport.send (/home/wyli/.vscode/extensions/icrawl.discord-vscode-5.7.0/dist/extension.js:2:21904)
	at /home/wyli/.vscode/extensions/icrawl.discord-vscode-5.7.0/dist/extension.js:2:21991
	at new Promise (<anonymous>)
	at IPCTransport.close (/home/wyli/.vscode/extensions/icrawl.discord-vscode-5.7.0/dist/extension.js:2:21948)
	at RPCClient.destroy (/home/wyli/.vscode/extensions/icrawl.discord-vscode-5.7.0/dist/extension.js:2:15661)
	at login (/home/wyli/.vscode/extensions/icrawl.discord-vscode-5.7.0/dist/extension.js:2:143219)
	at processTicksAndRejections (internal/process/task_queues.js:93:5)
	at async activate (/home/wyli/.vscode/extensions/icrawl.discord-vscode-5.7.0/dist/extension.js:2:145366)
	at async Promise.all (index 2)
	at async Promise.all (index 0)
[2021-10-26 16:50:13.893] [exthost] [info] ExtensionService#_doActivateExtension vscode.github, startup: true, activationEvent: '*'
[2021-10-26 16:50:13.893] [exthost] [info] ExtensionService#loadCommonJSModule file:///usr/share/code/resources/app/extensions/github/dist/extension.js
[2021-10-26 16:50:13.929] [exthost] [info] eager extensions activated
[2021-10-26 16:50:13.972] [exthost] [info] ExtensionService#_doActivateExtension ms-vscode.js-debug, startup: false, activationEvent: 'onCommand:extension.js-debug.clearAutoAttachVariables'
[2021-10-26 16:50:13.972] [exthost] [info] ExtensionService#loadCommonJSModule file:///usr/share/code/resources/app/extensions/ms-vscode.js-debug/src/extension.js
[2021-10-26 16:50:14.112] [exthost] [info] ExtensionService#_doActivateExtension vscode.emmet, startup: false, activationEvent: 'onStartupFinished'
[2021-10-26 16:50:14.113] [exthost] [info] ExtensionService#loadCommonJSModule file:///usr/share/code/resources/app/extensions/emmet/dist/node/emmetNodeMain
[2021-10-26 16:50:14.119] [exthost] [info] ExtensionService#_doActivateExtension vscode.merge-conflict, startup: false, activationEvent: 'onStartupFinished'
[2021-10-26 16:50:14.119] [exthost] [info] ExtensionService#loadCommonJSModule file:///usr/share/code/resources/app/extensions/merge-conflict/dist/mergeConflictMain
[2021-10-26 16:50:14.268] [exthost] [info] ExtensionService#_doActivateExtension vscode.github-authentication, startup: false, activationEvent: 'onAuthenticationRequest:github'
[2021-10-26 16:50:14.268] [exthost] [info] ExtensionService#loadCommonJSModule file:///usr/share/code/resources/app/extensions/github-authentication/dist/extension.js
[2021-10-26 16:51:27.412] [exthost] [info] extension host terminating: renderer closed the socket
[2021-10-26 16:51:28.424] [exthost] [info] exiting with code 0
