2021-10-24T13:49:18.684Z - info: [ui] [AppStore] loading 0 repositories from store
2021-10-24T13:49:18.705Z - info: [ui] [Welcome] no sign in step found. ignoring...
2021-10-24T13:49:18.709Z - info: [ui] [Welcome] no sign in step found. ignoring...
2021-10-24T13:49:18.785Z - info: [ui] [Welcome] no sign in step found. ignoring...
2021-10-24T13:49:18.833Z - info: [ui] launching: 2.8.1-linux1 (Linux 5.13.0-7614-generic)
2021-10-24T13:49:18.834Z - info: [ui] execPath: '/usr/lib/github-desktop/github-desktop'
2021-10-24T13:49:19.020Z - info: [ui] [Welcome] no sign in step found. ignoring...
2021-10-24T13:49:19.497Z - info: [ui] Opt in reported.
2021-10-24T13:49:27.672Z - info: [ui] [Welcome] no sign in step found. ignoring...
2021-10-24T13:49:31.650Z - info: [ui] [Welcome] no sign in step found. ignoring...
2021-10-24T13:49:39.215Z - info: [ui] [Welcome] no sign in step found. ignoring...
2021-10-24T13:49:39.245Z - info: [ui] [Welcome] no sign in step found. ignoring...
2021-10-24T13:56:19.444Z - info: [ui] [Welcome] no sign in step found. ignoring...
2021-10-24T13:56:19.458Z - info: [ui] [Welcome] no sign in step found. ignoring...
2021-10-24T13:56:23.448Z - info: [ui] [Welcome] no sign in step found. ignoring...
2021-10-24T13:57:25.054Z - info: [ui] [Welcome] no sign in step found. ignoring...
2021-10-24T13:57:25.453Z - info: [ui] [Welcome] no sign in step found. ignoring...
2021-10-24T13:57:26.168Z - info: [ui] [Welcome] no sign in step found. ignoring...
2021-10-24T13:57:29.582Z - info: [ui] [Welcome] no sign in step found. ignoring...
2021-10-24T13:57:35.891Z - info: [ui] [Welcome] no sign in step found. ignoring...
2021-10-24T13:57:37.714Z - info: [ui] [Welcome] no sign in step found. ignoring...
2021-10-24T13:57:37.715Z - info: [ui] [Welcome] no sign in step found. ignoring...
2021-10-24T13:57:37.768Z - info: [ui] [Welcome] advancing to step: SignInToDotComWithBrowser
2021-10-24T13:57:37.777Z - info: [ui] [SignInStore] initializing OAuth flow
2021-10-24T13:57:37.801Z - info: [main] opening in browser: https://github.com/login/oauth/authorize?client_id=3a723b10ac5575cc5bb9&scope=repo%20user%20workflow&state=d9f99181-1a45-412b-aca7-a778504f6ff4
2021-10-24T13:57:37.802Z - info: [ui] [Welcome] current sign in state not found. ignoring...
2021-10-24T13:57:39.256Z - info: [ui] [Welcome] kind Authentication is the same as Authentication. ignoring...
2021-10-24T14:01:26.862Z - info: [ui] [Welcome] kind Authentication is the same as Authentication. ignoring...
2021-10-24T14:01:27.691Z - info: [ui] [Welcome] kind Authentication is the same as Authentication. ignoring...
2021-10-24T14:01:30.623Z - info: [main] Received possible protocol arguments: 2
2021-10-24T14:01:30.624Z - info: [main] Processing protocol url
2021-10-24T14:01:30.627Z - info: [ui] [Dispatcher] requesting authenticated user
2021-10-24T14:01:30.649Z - info: [ui] [Welcome] kind Authentication is the same as Authentication. ignoring...
2021-10-24T14:01:33.096Z - info: [ui] [SignInStore] account resolved
2021-10-24T14:01:33.097Z - info: [ui] [AppStore] adding account wylited (wylited) to store
2021-10-24T14:01:33.110Z - info: [ui] [Welcome] advancing to step: ConfigureGit
2021-10-24T14:01:33.263Z - info: [ui] [Welcome] no sign in step found. ignoring...
2021-10-24T14:01:34.897Z - info: [ui] [Welcome] no sign in step found. ignoring...
2021-10-24T14:01:37.021Z - info: [ui] [Welcome] no sign in step found. ignoring...
2021-10-24T14:02:04.091Z - info: [ui] [AppStore] adding repository at /media/wyli/Homebase/Users/idhaa/Documents/multisnake to store
2021-10-24T14:02:05.674Z - info: [ui] [BranchPruner] No branches to prune.
2021-10-24T14:02:37.727Z - info: [ui] Executing updateIndex: git update-index --add --remove --replace -z --stdin (took 21.124s)
2021-10-24T14:02:38.375Z - info: [ui] [Timing] Action 'create commit' for 'wylited/multisnake' took 21.825s
2021-10-24T14:02:40.681Z - info: [ui] [AppStore.withAuthenticatingUser] account found for repository: multisnake - wylited (has token)
2021-10-24T14:02:44.563Z - info: [ui] Executing push: git -c credential.helper= -c protocol.version=2 push origin master:master --progress (took 3.816s)
2021-10-24T14:02:45.984Z - info: [ui] Executing fetch: git -c credential.helper= -c protocol.version=2 fetch --progress --prune origin (took 1.379s)
2021-10-24T14:12:00.694Z - info: [ui] [RepositoryIndicatorUpdater]: Refreshing sidebar indicators for 1 repositories took 0.9s of which 0.0s paused, total 0.9s
