[12:04:30.951] Log Level: 2
[12:04:30.956] remote-ssh@0.65.8
[12:04:30.956] linux x64
[12:04:30.971] SSH Resolver called for "ssh-remote+192.168.1.194", attempt 1
[12:04:30.972] "remote.SSH.useLocalServer": true
[12:04:30.972] "remote.SSH.path": undefined
[12:04:30.972] "remote.SSH.configFile": undefined
[12:04:30.972] "remote.SSH.useFlock": true
[12:04:30.973] "remote.SSH.lockfilesInTmp": false
[12:04:30.973] "remote.SSH.localServerDownload": auto
[12:04:30.973] "remote.SSH.remoteServerListenOnSocket": false
[12:04:30.973] "remote.SSH.showLoginTerminal": false
[12:04:30.973] "remote.SSH.defaultExtensions": []
[12:04:30.973] "remote.SSH.loglevel": 2
[12:04:30.974] SSH Resolver called for host: 192.168.1.194
[12:04:30.974] Setting up SSH remote "192.168.1.194"
[12:04:30.977] Acquiring local install lock: /tmp/vscode-remote-ssh-92143ae9-install.lock
[12:04:30.981] Looking for existing server data file at /home/wyli/.config/Code/User/globalStorage/ms-vscode-remote.remote-ssh/vscode-ssh-host-92143ae9-6cba118ac49a1b88332f312a8f67186f7f3c1643-0.65.8/data.json
[12:04:30.983] Using commit id "6cba118ac49a1b88332f312a8f67186f7f3c1643" and quality "stable" for server
[12:04:30.987] Install and start server if needed
[12:04:30.993] PATH: /home/wyli/.cargo/bin:/usr/local/sbin:/usr/local/bin:/usr/sbin:/usr/bin:/sbin:/bin:/usr/games:/usr/local/games:/snap/bin
[12:04:30.993] Checking ssh with "ssh -V"
[12:04:31.021] > OpenSSH_8.4p1 Ubuntu-5ubuntu1.1, OpenSSL 1.1.1j  16 Feb 2021

[12:04:31.024] askpass server listening on /run/user/1000/vscode-ssh-askpass-c428c54c3fc48df5515f8eb32d14456fc6de8ad7.sock
[12:04:31.024] Spawning local server with {"serverId":1,"ipcHandlePath":"/run/user/1000/vscode-ssh-askpass-9172895ec35c3ed7bd2a698acf36bb82bdf6ddb7.sock","sshCommand":"ssh","sshArgs":["-v","-T","-D","35001","-o","ConnectTimeout=15","192.168.1.194"],"dataFilePath":"/home/wyli/.config/Code/User/globalStorage/ms-vscode-remote.remote-ssh/vscode-ssh-host-92143ae9-6cba118ac49a1b88332f312a8f67186f7f3c1643-0.65.8/data.json"}
[12:04:31.024] Local server env: {"DISPLAY":":1","ELECTRON_RUN_AS_NODE":"1","SSH_ASKPASS":"/home/wyli/.vscode/extensions/ms-vscode-remote.remote-ssh-0.65.8/out/local-server/askpass.sh","VSCODE_SSH_ASKPASS_NODE":"/usr/share/code/code","VSCODE_SSH_ASKPASS_MAIN":"/home/wyli/.vscode/extensions/ms-vscode-remote.remote-ssh-0.65.8/out/askpass-main.js","VSCODE_SSH_ASKPASS_HANDLE":"/run/user/1000/vscode-ssh-askpass-c428c54c3fc48df5515f8eb32d14456fc6de8ad7.sock"}
[12:04:31.028] Spawned 8289
[12:04:31.124] > local-server-1> Spawned ssh, pid=8297
[12:04:31.125] stderr> OpenSSH_8.4p1 Ubuntu-5ubuntu1.1, OpenSSL 1.1.1j  16 Feb 2021
[12:04:31.198] stderr> debug1: Server host key: ecdsa-sha2-nistp256 SHA256:c6gLVRInhI0YYIIKUHqRBW4KTM3I3RzkKVviTaQGFdM
[12:04:31.329] Got askpass request: {"request":"ubuntu@192.168.1.194's password:"}
[12:04:31.330] Showing password prompt
[12:04:31.332] Listening for interwindow password on /run/user/1000/vscode-ssh-askpass-08056a59be2a1d8db5a5cf40063f76452dece9cc.sock
[12:04:31.332] Writing password prompt to globalState
