[22:06:53.017] Log Level: 2
[22:06:53.019] remote-ssh@0.65.8
[22:06:53.020] linux x64
[22:06:53.034] SSH Resolver called for "ssh-remote+192.168.1.194", attempt 1
[22:06:53.035] "remote.SSH.useLocalServer": true
[22:06:53.035] "remote.SSH.path": undefined
[22:06:53.035] "remote.SSH.configFile": undefined
[22:06:53.036] "remote.SSH.useFlock": true
[22:06:53.036] "remote.SSH.lockfilesInTmp": false
[22:06:53.036] "remote.SSH.localServerDownload": auto
[22:06:53.037] "remote.SSH.remoteServerListenOnSocket": false
[22:06:53.037] "remote.SSH.showLoginTerminal": false
[22:06:53.037] "remote.SSH.defaultExtensions": []
[22:06:53.037] "remote.SSH.loglevel": 2
[22:06:53.038] SSH Resolver called for host: 192.168.1.194
[22:06:53.038] Setting up SSH remote "192.168.1.194"
[22:06:53.042] Acquiring local install lock: /tmp/vscode-remote-ssh-92143ae9-install.lock
[22:06:53.047] Looking for existing server data file at /home/wyli/.config/Code/User/globalStorage/ms-vscode-remote.remote-ssh/vscode-ssh-host-92143ae9-6cba118ac49a1b88332f312a8f67186f7f3c1643-0.65.8/data.json
[22:06:53.050] Found local server running: {"remoteListeningOn":{"port":40533},"osReleaseId":"ubuntu","arch":"aarch64","webUiAccessToken":"","sshAuthSock":"","display":"","tmpDir":"/run/user/1000","platform":"linux","connectionToken":"1a1a1111-1aaa-11a1-1111-1aaa111aaaaa","pid":8803,"ipcHandlePath":"/run/user/1000/vscode-ssh-askpass-0fab956abf38ef98b8ca1c53440d9022c69c154a.sock","socksPort":45377,"startupTime":1635429989481}
[22:06:53.065] Found running server - short-circuiting install
[22:06:53.068] Starting forwarding server. localPort 44343 -> socksPort 45377 -> remotePort 40533
[22:06:53.068] Forwarding server listening on 44343
[22:06:53.069] Waiting for ssh tunnel to be ready
[22:06:53.071] [Forwarding server 44343] Got connection 0
[22:06:53.073] Tunneled 40533 to local port 44343
[22:06:53.073] Resolved "ssh-remote+192.168.1.194" to "127.0.0.1:44343"
[22:06:53.081] ------




[22:06:53.090] [Forwarding server 44343] Got connection 1
[22:06:53.143] [Forwarding server 44343] Got connection 2
[22:46:40.117] Server delay-shutdown request failed: read ECONNRESET
[22:46:40.203] ------




[22:46:40.203] SSH Resolver called for "ssh-remote+192.168.1.194", attempt 2, (Reconnection)
[22:46:40.203] SSH Resolver called for host: 192.168.1.194
[22:46:40.205] Setting up SSH remote "192.168.1.194"
[22:46:40.211] Acquiring local install lock: /tmp/vscode-remote-ssh-92143ae9-install.lock
[22:46:40.212] Looking for existing server data file at /home/wyli/.config/Code/User/globalStorage/ms-vscode-remote.remote-ssh/vscode-ssh-host-92143ae9-6cba118ac49a1b88332f312a8f67186f7f3c1643-0.65.8/data.json
[22:46:40.214] Using commit id "6cba118ac49a1b88332f312a8f67186f7f3c1643" and quality "stable" for server
[22:46:40.221] Install and start server if needed
[22:46:40.227] PATH: /home/wyli/.cargo/bin:/usr/local/sbin:/usr/local/bin:/usr/sbin:/usr/bin:/sbin:/bin:/usr/games:/usr/local/games:/snap/bin
[22:46:40.227] Checking ssh with "ssh -V"
[22:46:40.238] > OpenSSH_8.4p1 Ubuntu-5ubuntu1.1, OpenSSL 1.1.1j  16 Feb 2021

[22:46:40.241] askpass server listening on /run/user/1000/vscode-ssh-askpass-1e0240094e0216dae14c9204ae99d091cf5a9ebc.sock
[22:46:40.242] Spawning local server with {"serverId":1,"ipcHandlePath":"/run/user/1000/vscode-ssh-askpass-3e52e240d14404f51887963397631764a8a5cb29.sock","sshCommand":"ssh","sshArgs":["-v","-T","-D","40077","-o","ConnectTimeout=15","192.168.1.194"],"dataFilePath":"/home/wyli/.config/Code/User/globalStorage/ms-vscode-remote.remote-ssh/vscode-ssh-host-92143ae9-6cba118ac49a1b88332f312a8f67186f7f3c1643-0.65.8/data.json"}
[22:46:40.242] Local server env: {"DISPLAY":":1","ELECTRON_RUN_AS_NODE":"1","SSH_ASKPASS":"/home/wyli/.vscode/extensions/ms-vscode-remote.remote-ssh-0.65.8/out/local-server/askpass.sh","VSCODE_SSH_ASKPASS_NODE":"/usr/share/code/code","VSCODE_SSH_ASKPASS_MAIN":"/home/wyli/.vscode/extensions/ms-vscode-remote.remote-ssh-0.65.8/out/askpass-main.js","VSCODE_SSH_ASKPASS_HANDLE":"/run/user/1000/vscode-ssh-askpass-1e0240094e0216dae14c9204ae99d091cf5a9ebc.sock"}
[22:46:40.248] Spawned 13045
[22:46:40.459] > local-server-1> Spawned ssh, pid=13063
[22:46:40.460] stderr> OpenSSH_8.4p1 Ubuntu-5ubuntu1.1, OpenSSL 1.1.1j  16 Feb 2021
[22:46:40.461] stderr> ssh: connect to host 192.168.1.194 port 22: Network is unreachable
[22:46:40.462] > local-server-1> ssh child died, shutting down
[22:46:40.467] Local server exit: 0
[22:46:40.468] Received install output: local-server-1> Spawned ssh, pid=13063
OpenSSH_8.4p1 Ubuntu-5ubuntu1.1, OpenSSL 1.1.1j  16 Feb 2021
ssh: connect to host 192.168.1.194 port 22: Network is unreachable
local-server-1> ssh child died, shutting down

[22:46:40.469] Resolver error: Error: Network is unreachable
	at Function.Offline (/home/wyli/.vscode/extensions/ms-vscode-remote.remote-ssh-0.65.8/out/extension.js:1:397092)
	at /home/wyli/.vscode/extensions/ms-vscode-remote.remote-ssh-0.65.8/out/extension.js:1:394450
	at Object.t.handleInstallOutput (/home/wyli/.vscode/extensions/ms-vscode-remote.remote-ssh-0.65.8/out/extension.js:1:395020)
	at Object.e [as tryInstallWithLocalServer] (/home/wyli/.vscode/extensions/ms-vscode-remote.remote-ssh-0.65.8/out/extension.js:1:435292)
	at runMicrotasks (<anonymous>)
	at processTicksAndRejections (internal/process/task_queues.js:93:5)
	at async /home/wyli/.vscode/extensions/ms-vscode-remote.remote-ssh-0.65.8/out/extension.js:1:452665
	at async Object.t.withShowDetailsEvent (/home/wyli/.vscode/extensions/ms-vscode-remote.remote-ssh-0.65.8/out/extension.js:1:456460)
	at async /home/wyli/.vscode/extensions/ms-vscode-remote.remote-ssh-0.65.8/out/extension.js:1:433816
	at async C (/home/wyli/.vscode/extensions/ms-vscode-remote.remote-ssh-0.65.8/out/extension.js:1:430392)
	at async Object.t.resolveWithLocalServer (/home/wyli/.vscode/extensions/ms-vscode-remote.remote-ssh-0.65.8/out/extension.js:1:433431)
	at async Object.t.resolve (/home/wyli/.vscode/extensions/ms-vscode-remote.remote-ssh-0.65.8/out/extension.js:1:454065)
	at async /home/wyli/.vscode/extensions/ms-vscode-remote.remote-ssh-0.65.8/out/extension.js:1:526942
[22:46:40.471] ------




[22:46:45.488] ------




[22:46:45.488] SSH Resolver called for "ssh-remote+192.168.1.194", attempt 3, (Reconnection)
[22:46:45.490] SSH Resolver called for host: 192.168.1.194
[22:46:45.490] Setting up SSH remote "192.168.1.194"
[22:46:45.497] Acquiring local install lock: /tmp/vscode-remote-ssh-92143ae9-install.lock
[22:46:45.499] Looking for existing server data file at /home/wyli/.config/Code/User/globalStorage/ms-vscode-remote.remote-ssh/vscode-ssh-host-92143ae9-6cba118ac49a1b88332f312a8f67186f7f3c1643-0.65.8/data.json
[22:46:45.500] Using commit id "6cba118ac49a1b88332f312a8f67186f7f3c1643" and quality "stable" for server
[22:46:45.510] Install and start server if needed
[22:46:45.517] askpass server listening on /run/user/1000/vscode-ssh-askpass-1befa6483867b234256e0c68a733990539863c36.sock
[22:46:45.517] Spawning local server with {"serverId":2,"ipcHandlePath":"/run/user/1000/vscode-ssh-askpass-c4bfce93c1f296159ad16e91d08bef954f8c8ecd.sock","sshCommand":"ssh","sshArgs":["-v","-T","-D","41543","-o","ConnectTimeout=15","192.168.1.194"],"dataFilePath":"/home/wyli/.config/Code/User/globalStorage/ms-vscode-remote.remote-ssh/vscode-ssh-host-92143ae9-6cba118ac49a1b88332f312a8f67186f7f3c1643-0.65.8/data.json"}
[22:46:45.517] Local server env: {"DISPLAY":":1","ELECTRON_RUN_AS_NODE":"1","SSH_ASKPASS":"/home/wyli/.vscode/extensions/ms-vscode-remote.remote-ssh-0.65.8/out/local-server/askpass.sh","VSCODE_SSH_ASKPASS_NODE":"/usr/share/code/code","VSCODE_SSH_ASKPASS_MAIN":"/home/wyli/.vscode/extensions/ms-vscode-remote.remote-ssh-0.65.8/out/askpass-main.js","VSCODE_SSH_ASKPASS_HANDLE":"/run/user/1000/vscode-ssh-askpass-1befa6483867b234256e0c68a733990539863c36.sock"}
[22:46:45.522] Spawned 13086
[22:46:45.622] > local-server-2> Spawned ssh, pid=13095
[22:46:45.625] stderr> OpenSSH_8.4p1 Ubuntu-5ubuntu1.1, OpenSSL 1.1.1j  16 Feb 2021
[22:46:45.626] stderr> ssh: connect to host 192.168.1.194 port 22: Network is unreachable
[22:46:45.626] > local-server-2> ssh child died, shutting down
[22:46:45.629] Local server exit: 0
[22:46:45.630] Received install output: local-server-2> Spawned ssh, pid=13095
OpenSSH_8.4p1 Ubuntu-5ubuntu1.1, OpenSSL 1.1.1j  16 Feb 2021
ssh: connect to host 192.168.1.194 port 22: Network is unreachable
local-server-2> ssh child died, shutting down

[22:46:45.631] Resolver error: Error: Network is unreachable
	at Function.Offline (/home/wyli/.vscode/extensions/ms-vscode-remote.remote-ssh-0.65.8/out/extension.js:1:397092)
	at /home/wyli/.vscode/extensions/ms-vscode-remote.remote-ssh-0.65.8/out/extension.js:1:394450
	at Object.t.handleInstallOutput (/home/wyli/.vscode/extensions/ms-vscode-remote.remote-ssh-0.65.8/out/extension.js:1:395020)
	at Object.e [as tryInstallWithLocalServer] (/home/wyli/.vscode/extensions/ms-vscode-remote.remote-ssh-0.65.8/out/extension.js:1:435292)
	at runMicrotasks (<anonymous>)
	at processTicksAndRejections (internal/process/task_queues.js:93:5)
	at async /home/wyli/.vscode/extensions/ms-vscode-remote.remote-ssh-0.65.8/out/extension.js:1:452665
	at async Object.t.withShowDetailsEvent (/home/wyli/.vscode/extensions/ms-vscode-remote.remote-ssh-0.65.8/out/extension.js:1:456460)
	at async /home/wyli/.vscode/extensions/ms-vscode-remote.remote-ssh-0.65.8/out/extension.js:1:433816
	at async C (/home/wyli/.vscode/extensions/ms-vscode-remote.remote-ssh-0.65.8/out/extension.js:1:430392)
	at async Object.t.resolveWithLocalServer (/home/wyli/.vscode/extensions/ms-vscode-remote.remote-ssh-0.65.8/out/extension.js:1:433431)
	at async Object.t.resolve (/home/wyli/.vscode/extensions/ms-vscode-remote.remote-ssh-0.65.8/out/extension.js:1:454065)
	at async /home/wyli/.vscode/extensions/ms-vscode-remote.remote-ssh-0.65.8/out/extension.js:1:526942
[22:46:45.633] ------




[22:46:50.647] ------




[22:46:50.648] SSH Resolver called for "ssh-remote+192.168.1.194", attempt 4, (Reconnection)
[22:46:50.649] SSH Resolver called for host: 192.168.1.194
[22:46:50.649] Setting up SSH remote "192.168.1.194"
[22:46:50.652] Acquiring local install lock: /tmp/vscode-remote-ssh-92143ae9-install.lock
[22:46:50.654] Looking for existing server data file at /home/wyli/.config/Code/User/globalStorage/ms-vscode-remote.remote-ssh/vscode-ssh-host-92143ae9-6cba118ac49a1b88332f312a8f67186f7f3c1643-0.65.8/data.json
[22:46:50.655] Using commit id "6cba118ac49a1b88332f312a8f67186f7f3c1643" and quality "stable" for server
[22:46:50.664] Install and start server if needed
[22:46:50.670] askpass server listening on /run/user/1000/vscode-ssh-askpass-075e5b5475d987393c73ac7f7fcf2253e34ed901.sock
[22:46:50.671] Spawning local server with {"serverId":3,"ipcHandlePath":"/run/user/1000/vscode-ssh-askpass-64499b56055b5aaad03f9791348491b4fca35af0.sock","sshCommand":"ssh","sshArgs":["-v","-T","-D","38857","-o","ConnectTimeout=15","192.168.1.194"],"dataFilePath":"/home/wyli/.config/Code/User/globalStorage/ms-vscode-remote.remote-ssh/vscode-ssh-host-92143ae9-6cba118ac49a1b88332f312a8f67186f7f3c1643-0.65.8/data.json"}
[22:46:50.672] Local server env: {"DISPLAY":":1","ELECTRON_RUN_AS_NODE":"1","SSH_ASKPASS":"/home/wyli/.vscode/extensions/ms-vscode-remote.remote-ssh-0.65.8/out/local-server/askpass.sh","VSCODE_SSH_ASKPASS_NODE":"/usr/share/code/code","VSCODE_SSH_ASKPASS_MAIN":"/home/wyli/.vscode/extensions/ms-vscode-remote.remote-ssh-0.65.8/out/askpass-main.js","VSCODE_SSH_ASKPASS_HANDLE":"/run/user/1000/vscode-ssh-askpass-075e5b5475d987393c73ac7f7fcf2253e34ed901.sock"}
[22:46:50.679] Spawned 13179
[22:46:50.772] > local-server-3> Spawned ssh, pid=13187
[22:46:50.773] stderr> OpenSSH_8.4p1 Ubuntu-5ubuntu1.1, OpenSSL 1.1.1j  16 Feb 2021
[22:46:50.836] stderr> debug1: Server host key: ecdsa-sha2-nistp256 SHA256:c6gLVRInhI0YYIIKUHqRBW4KTM3I3RzkKVviTaQGFdM
[22:46:50.972] Got askpass request: {"request":"ubuntu@192.168.1.194's password:"}
[22:46:50.973] Showing password prompt
[22:46:50.975] Listening for interwindow password on /run/user/1000/vscode-ssh-askpass-2cf0b616e629aa088f4d12dc61874dd73b5e2cff.sock
[22:46:50.975] Writing password prompt to globalState
[22:51:23.361] Got password response
[22:51:23.363] Interactor gave response: *********
[22:51:23.364] Cleaning up other-window auth server
[22:51:23.391] stderr> Connection closed by 192.168.1.194 port 22
[22:51:23.393] > local-server-3> ssh child died, shutting down
[22:51:23.402] Local server exit: 0
[22:51:23.402] Received install output: local-server-3> Spawned ssh, pid=13187
OpenSSH_8.4p1 Ubuntu-5ubuntu1.1, OpenSSL 1.1.1j  16 Feb 2021
debug1: Server host key: ecdsa-sha2-nistp256 SHA256:c6gLVRInhI0YYIIKUHqRBW4KTM3I3RzkKVviTaQGFdM
Connection closed by 192.168.1.194 port 22
local-server-3> ssh child died, shutting down

[22:51:23.403] Failed to parse remote port from server output
[22:51:23.404] Resolver error: Error: 
	at Function.Create (/home/wyli/.vscode/extensions/ms-vscode-remote.remote-ssh-0.65.8/out/extension.js:1:397041)
	at Object.t.handleInstallOutput (/home/wyli/.vscode/extensions/ms-vscode-remote.remote-ssh-0.65.8/out/extension.js:1:395684)
	at Object.e [as tryInstallWithLocalServer] (/home/wyli/.vscode/extensions/ms-vscode-remote.remote-ssh-0.65.8/out/extension.js:1:435292)
	at runMicrotasks (<anonymous>)
	at processTicksAndRejections (internal/process/task_queues.js:93:5)
	at async /home/wyli/.vscode/extensions/ms-vscode-remote.remote-ssh-0.65.8/out/extension.js:1:452665
	at async Object.t.withShowDetailsEvent (/home/wyli/.vscode/extensions/ms-vscode-remote.remote-ssh-0.65.8/out/extension.js:1:456460)
	at async /home/wyli/.vscode/extensions/ms-vscode-remote.remote-ssh-0.65.8/out/extension.js:1:433816
	at async C (/home/wyli/.vscode/extensions/ms-vscode-remote.remote-ssh-0.65.8/out/extension.js:1:430392)
	at async Object.t.resolveWithLocalServer (/home/wyli/.vscode/extensions/ms-vscode-remote.remote-ssh-0.65.8/out/extension.js:1:433431)
	at async Object.t.resolve (/home/wyli/.vscode/extensions/ms-vscode-remote.remote-ssh-0.65.8/out/extension.js:1:454065)
	at async /home/wyli/.vscode/extensions/ms-vscode-remote.remote-ssh-0.65.8/out/extension.js:1:526942
[22:51:23.409] ------




