Validating found git in: git
Using git 2.30.2 from git
> git rev-parse --git-dir
Open repository: /home/wyli/Documents/Oxidized
> git status -z -u
> git symbolic-ref --short HEAD
> git for-each-ref --format=%(refname)%00%(upstream:short)%00%(objectname)%00%(upstream:track) refs/heads/master refs/remotes/master
> git for-each-ref --sort -committerdate --format %(refname) %(objectname) %(*objectname)
> git remote --verbose
Warning: Failed to watch ref '/home/wyli/Documents/Oxidized/.git/refs/remotes/origin/master', is most likely packed.
> git config --get commit.template
> git show --textconv :gradle.properties
> git ls-files --stage -- /home/wyli/Documents/Oxidized/gradle.properties
> git check-ignore -v -z --stdin
> git cat-file -s ed0af1a57cf321a6a417eb95a2826cfde72c252d
> git status -z -u
> git symbolic-ref --short HEAD
> git for-each-ref --format=%(refname)%00%(upstream:short)%00%(objectname)%00%(upstream:track) refs/heads/master refs/remotes/master
> git for-each-ref --sort -committerdate --format %(refname) %(objectname) %(*objectname)
> git remote --verbose
Warning: Failed to watch ref '/home/wyli/Documents/Oxidized/.git/refs/remotes/origin/master', is most likely packed.
> git config --get commit.template
> git check-ignore -v -z --stdin
> git status -z -u
> git symbolic-ref --short HEAD
> git for-each-ref --format=%(refname)%00%(upstream:short)%00%(objectname)%00%(upstream:track) refs/heads/master refs/remotes/master
> git for-each-ref --sort -committerdate --format %(refname) %(objectname) %(*objectname)
> git remote --verbose
Warning: Failed to watch ref '/home/wyli/Documents/Oxidized/.git/refs/remotes/origin/master', is most likely packed.
> git config --get commit.template
> git status -z -u
> git symbolic-ref --short HEAD
> git for-each-ref --format=%(refname)%00%(upstream:short)%00%(objectname)%00%(upstream:track) refs/heads/master refs/remotes/master
> git for-each-ref --sort -committerdate --format %(refname) %(objectname) %(*objectname)
> git remote --verbose
Warning: Failed to watch ref '/home/wyli/Documents/Oxidized/.git/refs/remotes/origin/master', is most likely packed.
> git config --get commit.template
> git status -z -u
> git symbolic-ref --short HEAD
> git for-each-ref --format=%(refname)%00%(upstream:short)%00%(objectname)%00%(upstream:track) refs/heads/master refs/remotes/master
> git for-each-ref --sort -committerdate --format %(refname) %(objectname) %(*objectname)
> git remote --verbose
Warning: Failed to watch ref '/home/wyli/Documents/Oxidized/.git/refs/remotes/origin/master', is most likely packed.
> git config --get commit.template
