[2021-10-26 02:37:08.651] [exthost] [info] extension host started
[2021-10-26 02:37:08.651] [exthost] [info] Skipping acquiring lock for /home/wyli/.config/Code/User/workspaceStorage/859b3ccaa7d8195c304edb6640ea2d85.
[2021-10-26 02:37:08.806] [exthost] [info] ExtensionService#_doActivateExtension vscode.microsoft-authentication, startup: false, activationEvent: 'onAuthenticationRequest:microsoft'
[2021-10-26 02:37:08.806] [exthost] [info] ExtensionService#loadCommonJSModule file:///usr/share/code/resources/app/extensions/microsoft-authentication/dist/extension.js
[2021-10-26 02:37:08.819] [exthost] [info] ExtensionService#_doActivateExtension vscode.debug-auto-launch, startup: true, activationEvent: '*'
[2021-10-26 02:37:08.819] [exthost] [info] ExtensionService#loadCommonJSModule file:///usr/share/code/resources/app/extensions/debug-auto-launch/dist/extension
[2021-10-26 02:37:08.822] [exthost] [info] ExtensionService#_doActivateExtension vscode.git, startup: true, activationEvent: '*', root cause: vscode.github
[2021-10-26 02:37:08.822] [exthost] [info] ExtensionService#loadCommonJSModule file:///usr/share/code/resources/app/extensions/git/dist/main
[2021-10-26 02:37:08.852] [exthost] [info] ExtensionService#_doActivateExtension icrawl.discord-vscode, startup: true, activationEvent: '*'
[2021-10-26 02:37:08.853] [exthost] [info] ExtensionService#loadCommonJSModule file:///home/wyli/.vscode/extensions/icrawl.discord-vscode-5.7.0/dist/extension
[2021-10-26 02:37:08.862] [exthost] [info] ExtensionService#_doActivateExtension monokai.theme-monokai-pro-vscode, startup: true, activationEvent: '*'
[2021-10-26 02:37:08.862] [exthost] [info] ExtensionService#loadCommonJSModule file:///home/wyli/.vscode/extensions/monokai.theme-monokai-pro-vscode-1.1.19/js/main
[2021-10-26 02:37:08.867] [exthost] [info] ExtensionService#_doActivateExtension nowsci.glassit-linux, startup: true, activationEvent: '*'
[2021-10-26 02:37:08.867] [exthost] [info] ExtensionService#loadCommonJSModule file:///home/wyli/.vscode/extensions/nowsci.glassit-linux-1.0.0/extension.js
[2021-10-26 02:37:08.869] [exthost] [info] ExtensionService#_doActivateExtension shalldie.background, startup: true, activationEvent: '*'
[2021-10-26 02:37:08.869] [exthost] [info] ExtensionService#loadCommonJSModule file:///home/wyli/.vscode/extensions/shalldie.background-1.1.28/out/extension
[2021-10-26 02:37:08.884] [exthost] [info] ExtensionService#_doActivateExtension redhat.java, startup: true, activationEvent: 'workspaceContains:build.gradle.kts'
[2021-10-26 02:37:08.884] [exthost] [info] ExtensionService#loadCommonJSModule file:///home/wyli/.vscode/extensions/redhat.java-1.0.0/dist/extension
[2021-10-26 02:37:08.946] [exthost] [info] ExtensionService#_doActivateExtension vscjava.vscode-java-dependency, startup: true, activationEvent: 'workspaceContains:build.gradle.kts'
[2021-10-26 02:37:08.946] [exthost] [info] ExtensionService#loadCommonJSModule file:///home/wyli/.vscode/extensions/vscjava.vscode-java-dependency-0.18.8/main.js
[2021-10-26 02:37:09.169] [exthost] [error] Activating extension shalldie.background failed due to an error:
[2021-10-26 02:37:09.169] [exthost] [error] Error: EACCES: permission denied, open '/usr/share/code/resources/app/out/vs/workbench/workbench.desktop.main.css'
	at Object.openSync (fs.js:476:3)
	at Object.func [as openSync] (electron/js2c/asar_bundle.js:5:1846)
	at Object.writeFileSync (fs.js:1467:35)
	at Background.saveCssContent (/home/wyli/.vscode/extensions/shalldie.background-1.1.28/out/background.js:107:26)
	at Background.install (/home/wyli/.vscode/extensions/shalldie.background-1.1.28/out/background.js:186:14)
	at Background.initialize (/home/wyli/.vscode/extensions/shalldie.background-1.1.28/out/background.js:121:18)
	at Background.watch (/home/wyli/.vscode/extensions/shalldie.background-1.1.28/out/background.js:229:14)
	at activate (/home/wyli/.vscode/extensions/shalldie.background-1.1.28/out/extension.js:25:53)
	at Function._callActivateOptional (/usr/share/code/resources/app/out/vs/workbench/services/extensions/node/extensionHostProcess.js:99:15028)
	at Function._callActivate (/usr/share/code/resources/app/out/vs/workbench/services/extensions/node/extensionHostProcess.js:99:14704)
	at /usr/share/code/resources/app/out/vs/workbench/services/extensions/node/extensionHostProcess.js:99:12907
	at processTicksAndRejections (internal/process/task_queues.js:93:5)
	at async Promise.all (index 5)
	at async Promise.all (index 0)
[2021-10-26 02:37:09.244] [exthost] [error] Activating extension icrawl.discord-vscode failed due to an error:
[2021-10-26 02:37:09.244] [exthost] [error] TypeError: Cannot read property 'write' of null
	at IPCTransport.send (/home/wyli/.vscode/extensions/icrawl.discord-vscode-5.7.0/dist/extension.js:2:21904)
	at /home/wyli/.vscode/extensions/icrawl.discord-vscode-5.7.0/dist/extension.js:2:21991
	at new Promise (<anonymous>)
	at IPCTransport.close (/home/wyli/.vscode/extensions/icrawl.discord-vscode-5.7.0/dist/extension.js:2:21948)
	at RPCClient.destroy (/home/wyli/.vscode/extensions/icrawl.discord-vscode-5.7.0/dist/extension.js:2:15661)
	at login (/home/wyli/.vscode/extensions/icrawl.discord-vscode-5.7.0/dist/extension.js:2:143219)
	at processTicksAndRejections (internal/process/task_queues.js:93:5)
	at async activate (/home/wyli/.vscode/extensions/icrawl.discord-vscode-5.7.0/dist/extension.js:2:145366)
	at async Promise.all (index 2)
	at async Promise.all (index 0)
[2021-10-26 02:37:09.283] [exthost] [info] ExtensionService#_doActivateExtension vscjava.vscode-gradle, startup: true, activationEvent: 'workspaceContains:**/gradlew,**/gradlew.bat'
[2021-10-26 02:37:09.283] [exthost] [info] ExtensionService#loadCommonJSModule file:///home/wyli/.vscode/extensions/vscjava.vscode-gradle-3.8.0/dist/index.js
[2021-10-26 02:37:09.394] [exthost] [info] ExtensionService#_doActivateExtension vscode.github, startup: true, activationEvent: '*'
[2021-10-26 02:37:09.394] [exthost] [info] ExtensionService#loadCommonJSModule file:///usr/share/code/resources/app/extensions/github/dist/extension.js
[2021-10-26 02:37:09.540] [exthost] [info] ExtensionService#_doActivateExtension ms-vscode.js-debug, startup: false, activationEvent: 'onCommand:extension.js-debug.clearAutoAttachVariables'
[2021-10-26 02:37:09.540] [exthost] [info] ExtensionService#loadCommonJSModule file:///usr/share/code/resources/app/extensions/ms-vscode.js-debug/src/extension.js
[2021-10-26 02:37:09.865] [exthost] [info] ExtensionService#_doActivateExtension vscode.github-authentication, startup: false, activationEvent: 'onAuthenticationRequest:github'
[2021-10-26 02:37:09.865] [exthost] [info] ExtensionService#loadCommonJSModule file:///usr/share/code/resources/app/extensions/github-authentication/dist/extension.js
[2021-10-26 02:37:09.967] [exthost] [warning] [redhat.java] Accessing a resource scoped configuration without providing a resource is not expected. To get the effective value for '[java]', provide the URI of a resource or 'null' for any resource.
[2021-10-26 02:37:10.222] [exthost] [warning] [redhat.java] Accessing a resource scoped configuration without providing a resource is not expected. To get the effective value for '[java]', provide the URI of a resource or 'null' for any resource.
[2021-10-26 02:37:16.687] [exthost] [info] ExtensionService#_doActivateExtension vscode.configuration-editing, startup: false, activationEvent: 'onLanguage:jsonc'
[2021-10-26 02:37:16.688] [exthost] [info] ExtensionService#loadCommonJSModule file:///usr/share/code/resources/app/extensions/configuration-editing/dist/configurationEditingMain
[2021-10-26 02:37:16.711] [exthost] [info] ExtensionService#_doActivateExtension vscode.json-language-features, startup: false, activationEvent: 'onLanguage:jsonc'
[2021-10-26 02:37:16.712] [exthost] [info] ExtensionService#loadCommonJSModule file:///usr/share/code/resources/app/extensions/json-language-features/client/dist/node/jsonClientMain
[2021-10-26 02:37:16.814] [exthost] [info] ExtensionService#_doActivateExtension vscode.typescript-language-features, startup: false, activationEvent: 'onLanguage:jsonc'
[2021-10-26 02:37:16.814] [exthost] [info] ExtensionService#loadCommonJSModule file:///usr/share/code/resources/app/extensions/typescript-language-features/dist/extension
[2021-10-26 02:37:18.795] [exthost] [info] ExtensionService#_doActivateExtension vscode.emmet, startup: false, activationEvent: 'onStartupFinished'
[2021-10-26 02:37:18.795] [exthost] [info] ExtensionService#loadCommonJSModule file:///usr/share/code/resources/app/extensions/emmet/dist/node/emmetNodeMain
[2021-10-26 02:37:18.809] [exthost] [info] ExtensionService#_doActivateExtension vscode.merge-conflict, startup: false, activationEvent: 'onStartupFinished'
[2021-10-26 02:37:18.809] [exthost] [info] ExtensionService#loadCommonJSModule file:///usr/share/code/resources/app/extensions/merge-conflict/dist/mergeConflictMain
[2021-10-26 02:37:30.473] [exthost] [info] eager extensions activated
[2021-10-26 02:38:25.964] [exthost] [info] extension host terminating: renderer closed the socket
[2021-10-26 02:38:27.073] [exthost] [error] Error [ERR_STREAM_WRITE_AFTER_END]: write after end
	at Socket.Writable.write (internal/streams/writable.js:292:11)
	at /home/wyli/.vscode/extensions/vscjava.vscode-gradle-3.8.0/dist/index.js:1:842899
	at new Promise (<anonymous>)
	at c.write (/home/wyli/.vscode/extensions/vscjava.vscode-gradle-3.8.0/dist/index.js:1:842818)
	at m.doWrite (/home/wyli/.vscode/extensions/vscjava.vscode-gradle-3.8.0/dist/index.js:1:851205)
	at /home/wyli/.vscode/extensions/vscjava.vscode-gradle-3.8.0/dist/index.js:1:851104
	at runNextTicks (internal/process/task_queues.js:58:5)
	at processImmediate (internal/timers.js:434:9)
[2021-10-26 02:38:27.073] [exthost] [error] Error [ERR_STREAM_WRITE_AFTER_END]: write after end
	at Socket.Writable.write (internal/streams/writable.js:292:11)
	at /home/wyli/.vscode/extensions/redhat.java-1.0.0/dist/extension.js:2:926734
	at new Promise (<anonymous>)
	at c.write (/home/wyli/.vscode/extensions/redhat.java-1.0.0/dist/extension.js:2:926652)
	at _.doWrite (/home/wyli/.vscode/extensions/redhat.java-1.0.0/dist/extension.js:2:916203)
	at /home/wyli/.vscode/extensions/redhat.java-1.0.0/dist/extension.js:2:916098
[2021-10-26 02:38:27.174] [exthost] [info] exiting with code 0
[2021-10-26 02:38:28.203] [exthost] [info] extension host started
[2021-10-26 02:38:28.203] [exthost] [info] Skipping acquiring lock for /home/wyli/.config/Code/User/workspaceStorage/2325c944a84d46ae9429adee4c0a1350.
[2021-10-26 02:38:28.316] [exthost] [info] ExtensionService#_doActivateExtension vscode.microsoft-authentication, startup: false, activationEvent: 'onAuthenticationRequest:microsoft'
[2021-10-26 02:38:28.316] [exthost] [info] ExtensionService#loadCommonJSModule file:///usr/share/code/resources/app/extensions/microsoft-authentication/dist/extension.js
[2021-10-26 02:38:28.334] [exthost] [info] ExtensionService#_doActivateExtension vscode.debug-auto-launch, startup: true, activationEvent: '*'
[2021-10-26 02:38:28.334] [exthost] [info] ExtensionService#loadCommonJSModule file:///usr/share/code/resources/app/extensions/debug-auto-launch/dist/extension
[2021-10-26 02:38:28.345] [exthost] [info] ExtensionService#_doActivateExtension vscode.git, startup: true, activationEvent: '*', root cause: vscode.github
[2021-10-26 02:38:28.345] [exthost] [info] ExtensionService#loadCommonJSModule file:///usr/share/code/resources/app/extensions/git/dist/main
[2021-10-26 02:38:28.384] [exthost] [info] ExtensionService#_doActivateExtension icrawl.discord-vscode, startup: true, activationEvent: '*'
[2021-10-26 02:38:28.384] [exthost] [info] ExtensionService#loadCommonJSModule file:///home/wyli/.vscode/extensions/icrawl.discord-vscode-5.7.0/dist/extension
[2021-10-26 02:38:28.406] [exthost] [info] ExtensionService#_doActivateExtension monokai.theme-monokai-pro-vscode, startup: true, activationEvent: '*'
[2021-10-26 02:38:28.406] [exthost] [info] ExtensionService#loadCommonJSModule file:///home/wyli/.vscode/extensions/monokai.theme-monokai-pro-vscode-1.1.19/js/main
[2021-10-26 02:38:28.414] [exthost] [info] ExtensionService#_doActivateExtension nowsci.glassit-linux, startup: true, activationEvent: '*'
[2021-10-26 02:38:28.415] [exthost] [info] ExtensionService#loadCommonJSModule file:///home/wyli/.vscode/extensions/nowsci.glassit-linux-1.0.0/extension.js
[2021-10-26 02:38:28.419] [exthost] [info] ExtensionService#_doActivateExtension shalldie.background, startup: true, activationEvent: '*'
[2021-10-26 02:38:28.420] [exthost] [info] ExtensionService#loadCommonJSModule file:///home/wyli/.vscode/extensions/shalldie.background-1.1.28/out/extension
[2021-10-26 02:38:28.732] [exthost] [error] Activating extension shalldie.background failed due to an error:
[2021-10-26 02:38:28.732] [exthost] [error] Error: EACCES: permission denied, open '/usr/share/code/resources/app/out/vs/workbench/workbench.desktop.main.css'
	at Object.openSync (fs.js:476:3)
	at Object.func [as openSync] (electron/js2c/asar_bundle.js:5:1846)
	at Object.writeFileSync (fs.js:1467:35)
	at Background.saveCssContent (/home/wyli/.vscode/extensions/shalldie.background-1.1.28/out/background.js:107:26)
	at Background.install (/home/wyli/.vscode/extensions/shalldie.background-1.1.28/out/background.js:186:14)
	at Background.initialize (/home/wyli/.vscode/extensions/shalldie.background-1.1.28/out/background.js:121:18)
	at Background.watch (/home/wyli/.vscode/extensions/shalldie.background-1.1.28/out/background.js:229:14)
	at activate (/home/wyli/.vscode/extensions/shalldie.background-1.1.28/out/extension.js:25:53)
	at Function._callActivateOptional (/usr/share/code/resources/app/out/vs/workbench/services/extensions/node/extensionHostProcess.js:99:15028)
	at Function._callActivate (/usr/share/code/resources/app/out/vs/workbench/services/extensions/node/extensionHostProcess.js:99:14704)
	at /usr/share/code/resources/app/out/vs/workbench/services/extensions/node/extensionHostProcess.js:99:12907
	at processTicksAndRejections (internal/process/task_queues.js:93:5)
	at async Promise.all (index 5)
	at async Promise.all (index 0)
[2021-10-26 02:38:28.825] [exthost] [error] Activating extension icrawl.discord-vscode failed due to an error:
[2021-10-26 02:38:28.825] [exthost] [error] TypeError: Cannot read property 'write' of null
	at IPCTransport.send (/home/wyli/.vscode/extensions/icrawl.discord-vscode-5.7.0/dist/extension.js:2:21904)
	at /home/wyli/.vscode/extensions/icrawl.discord-vscode-5.7.0/dist/extension.js:2:21991
	at new Promise (<anonymous>)
	at IPCTransport.close (/home/wyli/.vscode/extensions/icrawl.discord-vscode-5.7.0/dist/extension.js:2:21948)
	at RPCClient.destroy (/home/wyli/.vscode/extensions/icrawl.discord-vscode-5.7.0/dist/extension.js:2:15661)
	at login (/home/wyli/.vscode/extensions/icrawl.discord-vscode-5.7.0/dist/extension.js:2:143219)
	at processTicksAndRejections (internal/process/task_queues.js:93:5)
	at async activate (/home/wyli/.vscode/extensions/icrawl.discord-vscode-5.7.0/dist/extension.js:2:145366)
	at async Promise.all (index 2)
	at async Promise.all (index 0)
[2021-10-26 02:38:28.924] [exthost] [info] ExtensionService#_doActivateExtension vscode.github, startup: true, activationEvent: '*'
[2021-10-26 02:38:28.924] [exthost] [info] ExtensionService#loadCommonJSModule file:///usr/share/code/resources/app/extensions/github/dist/extension.js
[2021-10-26 02:38:29.017] [exthost] [info] eager extensions activated
[2021-10-26 02:38:29.070] [exthost] [info] ExtensionService#_doActivateExtension ms-vscode.js-debug, startup: false, activationEvent: 'onCommand:extension.js-debug.clearAutoAttachVariables'
[2021-10-26 02:38:29.070] [exthost] [info] ExtensionService#loadCommonJSModule file:///usr/share/code/resources/app/extensions/ms-vscode.js-debug/src/extension.js
[2021-10-26 02:38:29.361] [exthost] [info] ExtensionService#_doActivateExtension vscode.emmet, startup: false, activationEvent: 'onStartupFinished'
[2021-10-26 02:38:29.361] [exthost] [info] ExtensionService#loadCommonJSModule file:///usr/share/code/resources/app/extensions/emmet/dist/node/emmetNodeMain
[2021-10-26 02:38:29.373] [exthost] [info] ExtensionService#_doActivateExtension vscode.merge-conflict, startup: false, activationEvent: 'onStartupFinished'
[2021-10-26 02:38:29.373] [exthost] [info] ExtensionService#loadCommonJSModule file:///usr/share/code/resources/app/extensions/merge-conflict/dist/mergeConflictMain
[2021-10-26 02:38:29.488] [exthost] [info] ExtensionService#_doActivateExtension vscode.github-authentication, startup: false, activationEvent: 'onAuthenticationRequest:github'
[2021-10-26 02:38:29.488] [exthost] [info] ExtensionService#loadCommonJSModule file:///usr/share/code/resources/app/extensions/github-authentication/dist/extension.js
[2021-10-26 02:49:54.394] [exthost] [info] ExtensionService#_doActivateExtension rust-lang.rust, startup: false, activationEvent: 'onLanguage:rust'
[2021-10-26 02:49:54.395] [exthost] [info] ExtensionService#loadCommonJSModule file:///home/wyli/.vscode/extensions/rust-lang.rust-0.7.8/out/src/extension.js
[2021-10-26 02:49:55.040] [exthost] [info] ExtensionService#_doActivateExtension matklad.rust-analyzer, startup: false, activationEvent: 'onLanguage:rust'
[2021-10-26 02:49:55.040] [exthost] [info] ExtensionService#loadCommonJSModule file:///home/wyli/.vscode/extensions/matklad.rust-analyzer-0.2.792/out/main
[2021-10-26 02:50:04.449] [exthost] [info] ExtensionService#_doActivateExtension serayuzgur.crates, startup: false, activationEvent: 'workspaceContains:Cargo.toml'
[2021-10-26 02:50:04.451] [exthost] [info] ExtensionService#loadCommonJSModule file:///home/wyli/.vscode/extensions/serayuzgur.crates-0.5.10/dist/extension
[2021-10-26 02:50:08.833] [exthost] [info] extension host terminating: renderer closed the socket
[2021-10-26 02:50:08.861] [exthost] [error] Canceled: Canceled
	at Object.n [as canceled] (/usr/share/code/resources/app/out/vs/workbench/services/extensions/node/extensionHostProcess.js:5:1157)
	at i._remoteCall (/usr/share/code/resources/app/out/vs/workbench/services/extensions/node/extensionHostProcess.js:98:13876)
	at Proxy.R.<computed>.$.charCodeAt.R.<computed> (/usr/share/code/resources/app/out/vs/workbench/services/extensions/node/extensionHostProcess.js:98:10271)
	at l._doExecuteCommand (/usr/share/code/resources/app/out/vs/workbench/services/extensions/node/extensionHostProcess.js:94:111047)
	at l.executeCommand (/usr/share/code/resources/app/out/vs/workbench/services/extensions/node/extensionHostProcess.js:94:110451)
	at Object.executeCommand (/usr/share/code/resources/app/out/vs/workbench/services/extensions/node/extensionHostProcess.js:103:21855)
	at fc (/home/wyli/.vscode/extensions/matklad.rust-analyzer-0.2.792/out/main.js:50:4177)
	at Object.Dv (/home/wyli/.vscode/extensions/matklad.rust-analyzer-0.2.792/out/main.js:96:1596)
	at w._deactivate (/usr/share/code/resources/app/out/vs/workbench/services/extensions/node/extensionHostProcess.js:99:11277)
	at /usr/share/code/resources/app/out/vs/workbench/services/extensions/node/extensionHostProcess.js:99:9991
	at Array.map (<anonymous>)
	at w.deactivateAll (/usr/share/code/resources/app/out/vs/workbench/services/extensions/node/extensionHostProcess.js:99:9979)
	at b.terminate (/usr/share/code/resources/app/out/vs/workbench/services/extensions/node/extensionHostProcess.js:103:723)
	at o (/usr/share/code/resources/app/out/vs/workbench/services/extensions/node/extensionHostProcess.js:113:32535)
	at Socket.<anonymous> (/usr/share/code/resources/app/out/vs/workbench/services/extensions/node/extensionHostProcess.js:113:30185)
	at Socket.emit (events.js:327:22)
	at Pipe.<anonymous> (net.js:673:12)
[2021-10-26 02:50:09.859] [exthost] [info] exiting with code 0
[2021-10-26 02:50:12.157] [exthost] [info] extension host started
[2021-10-26 02:50:12.157] [exthost] [info] Skipping acquiring lock for /home/wyli/.config/Code/User/workspaceStorage/2325c944a84d46ae9429adee4c0a1350.
[2021-10-26 02:50:12.395] [exthost] [info] ExtensionService#_doActivateExtension vscode.microsoft-authentication, startup: false, activationEvent: 'onAuthenticationRequest:microsoft'
[2021-10-26 02:50:12.396] [exthost] [info] ExtensionService#loadCommonJSModule file:///usr/share/code/resources/app/extensions/microsoft-authentication/dist/extension.js
[2021-10-26 02:50:12.419] [exthost] [info] ExtensionService#_doActivateExtension matklad.rust-analyzer, startup: false, activationEvent: 'onLanguage:rust'
[2021-10-26 02:50:12.419] [exthost] [info] ExtensionService#loadCommonJSModule file:///home/wyli/.vscode/extensions/matklad.rust-analyzer-0.2.792/out/main
[2021-10-26 02:50:12.547] [exthost] [info] ExtensionService#_doActivateExtension vscode.debug-auto-launch, startup: true, activationEvent: '*'
[2021-10-26 02:50:12.547] [exthost] [info] ExtensionService#loadCommonJSModule file:///usr/share/code/resources/app/extensions/debug-auto-launch/dist/extension
[2021-10-26 02:50:12.552] [exthost] [info] ExtensionService#_doActivateExtension vscode.git, startup: true, activationEvent: '*', root cause: vscode.github
[2021-10-26 02:50:12.552] [exthost] [info] ExtensionService#loadCommonJSModule file:///usr/share/code/resources/app/extensions/git/dist/main
[2021-10-26 02:50:12.593] [exthost] [info] ExtensionService#_doActivateExtension icrawl.discord-vscode, startup: true, activationEvent: '*'
[2021-10-26 02:50:12.593] [exthost] [info] ExtensionService#loadCommonJSModule file:///home/wyli/.vscode/extensions/icrawl.discord-vscode-5.7.0/dist/extension
[2021-10-26 02:50:12.611] [exthost] [info] ExtensionService#_doActivateExtension monokai.theme-monokai-pro-vscode, startup: true, activationEvent: '*'
[2021-10-26 02:50:12.611] [exthost] [info] ExtensionService#loadCommonJSModule file:///home/wyli/.vscode/extensions/monokai.theme-monokai-pro-vscode-1.1.19/js/main
[2021-10-26 02:50:12.622] [exthost] [info] ExtensionService#_doActivateExtension nowsci.glassit-linux, startup: true, activationEvent: '*'
[2021-10-26 02:50:12.623] [exthost] [info] ExtensionService#loadCommonJSModule file:///home/wyli/.vscode/extensions/nowsci.glassit-linux-1.0.0/extension.js
[2021-10-26 02:50:12.625] [exthost] [info] ExtensionService#_doActivateExtension shalldie.background, startup: true, activationEvent: '*'
[2021-10-26 02:50:12.625] [exthost] [info] ExtensionService#loadCommonJSModule file:///home/wyli/.vscode/extensions/shalldie.background-1.1.28/out/extension
[2021-10-26 02:50:12.644] [exthost] [info] ExtensionService#_doActivateExtension serayuzgur.crates, startup: true, activationEvent: 'workspaceContains:Cargo.toml'
[2021-10-26 02:50:12.645] [exthost] [info] ExtensionService#loadCommonJSModule file:///home/wyli/.vscode/extensions/serayuzgur.crates-0.5.10/dist/extension
[2021-10-26 02:50:12.958] [exthost] [error] Activating extension shalldie.background failed due to an error:
[2021-10-26 02:50:12.958] [exthost] [error] Error: EACCES: permission denied, open '/usr/share/code/resources/app/out/vs/workbench/workbench.desktop.main.css'
	at Object.openSync (fs.js:476:3)
	at Object.func [as openSync] (electron/js2c/asar_bundle.js:5:1846)
	at Object.writeFileSync (fs.js:1467:35)
	at Background.saveCssContent (/home/wyli/.vscode/extensions/shalldie.background-1.1.28/out/background.js:107:26)
	at Background.install (/home/wyli/.vscode/extensions/shalldie.background-1.1.28/out/background.js:186:14)
	at Background.initialize (/home/wyli/.vscode/extensions/shalldie.background-1.1.28/out/background.js:121:18)
	at Background.watch (/home/wyli/.vscode/extensions/shalldie.background-1.1.28/out/background.js:229:14)
	at activate (/home/wyli/.vscode/extensions/shalldie.background-1.1.28/out/extension.js:25:53)
	at Function._callActivateOptional (/usr/share/code/resources/app/out/vs/workbench/services/extensions/node/extensionHostProcess.js:99:15028)
	at Function._callActivate (/usr/share/code/resources/app/out/vs/workbench/services/extensions/node/extensionHostProcess.js:99:14704)
	at /usr/share/code/resources/app/out/vs/workbench/services/extensions/node/extensionHostProcess.js:99:12907
	at processTicksAndRejections (internal/process/task_queues.js:93:5)
	at async Promise.all (index 5)
	at async Promise.all (index 0)
[2021-10-26 02:50:13.057] [exthost] [error] Activating extension icrawl.discord-vscode failed due to an error:
[2021-10-26 02:50:13.057] [exthost] [error] TypeError: Cannot read property 'write' of null
	at IPCTransport.send (/home/wyli/.vscode/extensions/icrawl.discord-vscode-5.7.0/dist/extension.js:2:21904)
	at /home/wyli/.vscode/extensions/icrawl.discord-vscode-5.7.0/dist/extension.js:2:21991
	at new Promise (<anonymous>)
	at IPCTransport.close (/home/wyli/.vscode/extensions/icrawl.discord-vscode-5.7.0/dist/extension.js:2:21948)
	at RPCClient.destroy (/home/wyli/.vscode/extensions/icrawl.discord-vscode-5.7.0/dist/extension.js:2:15661)
	at login (/home/wyli/.vscode/extensions/icrawl.discord-vscode-5.7.0/dist/extension.js:2:143219)
	at processTicksAndRejections (internal/process/task_queues.js:93:5)
	at async activate (/home/wyli/.vscode/extensions/icrawl.discord-vscode-5.7.0/dist/extension.js:2:145366)
	at async Promise.all (index 2)
	at async Promise.all (index 0)
[2021-10-26 02:50:13.110] [exthost] [info] ExtensionService#_doActivateExtension vscode.github, startup: true, activationEvent: '*'
[2021-10-26 02:50:13.110] [exthost] [info] ExtensionService#loadCommonJSModule file:///usr/share/code/resources/app/extensions/github/dist/extension.js
[2021-10-26 02:50:13.230] [exthost] [info] eager extensions activated
[2021-10-26 02:50:13.303] [exthost] [info] ExtensionService#_doActivateExtension ms-vscode.js-debug, startup: false, activationEvent: 'onCommand:extension.js-debug.clearAutoAttachVariables'
[2021-10-26 02:50:13.303] [exthost] [info] ExtensionService#loadCommonJSModule file:///usr/share/code/resources/app/extensions/ms-vscode.js-debug/src/extension.js
[2021-10-26 02:50:13.609] [exthost] [info] ExtensionService#_doActivateExtension vscode.emmet, startup: false, activationEvent: 'onStartupFinished'
[2021-10-26 02:50:13.609] [exthost] [info] ExtensionService#loadCommonJSModule file:///usr/share/code/resources/app/extensions/emmet/dist/node/emmetNodeMain
[2021-10-26 02:50:13.624] [exthost] [info] ExtensionService#_doActivateExtension vscode.merge-conflict, startup: false, activationEvent: 'onStartupFinished'
[2021-10-26 02:50:13.624] [exthost] [info] ExtensionService#loadCommonJSModule file:///usr/share/code/resources/app/extensions/merge-conflict/dist/mergeConflictMain
[2021-10-26 02:50:13.965] [exthost] [info] ExtensionService#_doActivateExtension vscode.github-authentication, startup: false, activationEvent: 'onAuthenticationRequest:github'
[2021-10-26 02:50:13.965] [exthost] [info] ExtensionService#loadCommonJSModule file:///usr/share/code/resources/app/extensions/github-authentication/dist/extension.js
[2021-10-26 02:50:31.701] [exthost] [info] ExtensionService#_doActivateExtension bungcip.better-toml, startup: false, activationEvent: 'onLanguage:toml'
[2021-10-26 02:50:31.701] [exthost] [info] ExtensionService#loadCommonJSModule file:///home/wyli/.vscode/extensions/bungcip.better-toml-0.3.2/out/src/extension
[2021-10-26 02:55:51.021] [exthost] [info] ExtensionService#_doActivateExtension vscode.configuration-editing, startup: false, activationEvent: 'onLanguage:json'
[2021-10-26 02:55:51.027] [exthost] [info] ExtensionService#loadCommonJSModule file:///usr/share/code/resources/app/extensions/configuration-editing/dist/configurationEditingMain
[2021-10-26 02:55:51.088] [exthost] [info] ExtensionService#_doActivateExtension vscode.extension-editing, startup: false, activationEvent: 'onLanguage:json'
[2021-10-26 02:55:51.088] [exthost] [info] ExtensionService#loadCommonJSModule file:///usr/share/code/resources/app/extensions/extension-editing/dist/extensionEditingMain
[2021-10-26 02:55:51.117] [exthost] [info] ExtensionService#_doActivateExtension vscode.json-language-features, startup: false, activationEvent: 'onLanguage:json'
[2021-10-26 02:55:51.117] [exthost] [info] ExtensionService#loadCommonJSModule file:///usr/share/code/resources/app/extensions/json-language-features/client/dist/node/jsonClientMain
[2021-10-26 02:55:51.199] [exthost] [info] ExtensionService#_doActivateExtension vscode.npm, startup: false, activationEvent: 'onLanguage:json'
[2021-10-26 02:55:51.200] [exthost] [info] ExtensionService#loadCommonJSModule file:///usr/share/code/resources/app/extensions/npm/dist/npmMain
[2021-10-26 03:33:57.123] [exthost] [info] extension host terminating: renderer closed the socket
[2021-10-26 03:33:57.390] [exthost] [error] Canceled: Canceled
	at Object.n [as canceled] (/usr/share/code/resources/app/out/vs/workbench/services/extensions/node/extensionHostProcess.js:5:1157)
	at i._remoteCall (/usr/share/code/resources/app/out/vs/workbench/services/extensions/node/extensionHostProcess.js:98:13876)
	at Proxy.R.<computed>.$.charCodeAt.R.<computed> (/usr/share/code/resources/app/out/vs/workbench/services/extensions/node/extensionHostProcess.js:98:10271)
	at l._doExecuteCommand (/usr/share/code/resources/app/out/vs/workbench/services/extensions/node/extensionHostProcess.js:94:111047)
	at l.executeCommand (/usr/share/code/resources/app/out/vs/workbench/services/extensions/node/extensionHostProcess.js:94:110451)
	at Object.executeCommand (/usr/share/code/resources/app/out/vs/workbench/services/extensions/node/extensionHostProcess.js:103:21855)
	at fc (/home/wyli/.vscode/extensions/matklad.rust-analyzer-0.2.792/out/main.js:50:4177)
	at Object.Dv (/home/wyli/.vscode/extensions/matklad.rust-analyzer-0.2.792/out/main.js:96:1596)
	at w._deactivate (/usr/share/code/resources/app/out/vs/workbench/services/extensions/node/extensionHostProcess.js:99:11277)
	at /usr/share/code/resources/app/out/vs/workbench/services/extensions/node/extensionHostProcess.js:99:9991
	at Array.map (<anonymous>)
	at w.deactivateAll (/usr/share/code/resources/app/out/vs/workbench/services/extensions/node/extensionHostProcess.js:99:9979)
	at b.terminate (/usr/share/code/resources/app/out/vs/workbench/services/extensions/node/extensionHostProcess.js:103:723)
	at o (/usr/share/code/resources/app/out/vs/workbench/services/extensions/node/extensionHostProcess.js:113:32535)
	at Socket.<anonymous> (/usr/share/code/resources/app/out/vs/workbench/services/extensions/node/extensionHostProcess.js:113:30185)
	at Socket.emit (events.js:327:22)
	at Pipe.<anonymous> (net.js:673:12)
[2021-10-26 03:33:58.328] [exthost] [info] exiting with code 0
